TN:
SF:src\app.js
FN:36,(anonymous_0)
FN:74,(anonymous_1)
FN:95,(anonymous_2)
FNF:3
FNH:0
FNDA:0,(anonymous_0)
FNDA:0,(anonymous_1)
FNDA:0,(anonymous_2)
DA:1,0
DA:2,0
DA:3,0
DA:4,0
DA:5,0
DA:6,0
DA:7,0
DA:8,0
DA:9,0
DA:10,0
DA:11,0
DA:13,0
DA:14,0
DA:15,0
DA:24,0
DA:25,0
DA:28,0
DA:29,0
DA:30,0
DA:31,0
DA:32,0
DA:33,0
DA:36,0
DA:37,0
DA:41,0
DA:42,0
DA:43,0
DA:45,0
DA:48,0
DA:50,0
DA:53,0
DA:70,0
DA:75,0
DA:83,0
DA:84,0
DA:86,0
DA:95,0
DA:96,0
DA:98,0
DA:100,0
LF:40
LH:0
BRF:0
BRH:0
end_of_record
TN:
SF:src\server.js
FN:8,(anonymous_0)
FN:10,(anonymous_1)
FN:14,(anonymous_2)
FNF:3
FNH:0
FNDA:0,(anonymous_0)
FNDA:0,(anonymous_1)
FNDA:0,(anonymous_2)
DA:1,0
DA:2,0
DA:3,0
DA:4,0
DA:6,0
DA:9,0
DA:10,0
DA:11,0
DA:15,0
DA:16,0
LF:10
LH:0
BRF:0
BRH:0
end_of_record
TN:
SF:src\config\db.config.js
FNF:0
FNH:0
DA:1,0
DA:3,0
LF:2
LH:0
BRDA:4,0,0,0
BRDA:4,0,1,0
BRF:2
BRH:0
end_of_record
TN:
SF:src\config\env.config.js
FNF:0
FNH:0
DA:1,0
DA:3,0
LF:2
LH:0
BRDA:4,0,0,0
BRDA:4,0,1,0
BRDA:5,1,0,0
BRDA:5,1,1,0
BRDA:6,2,0,0
BRDA:6,2,1,0
BRF:6
BRH:0
end_of_record
TN:
SF:src\config\index.js
FNF:0
FNH:0
DA:1,0
DA:2,0
DA:3,0
DA:5,0
LF:4
LH:0
BRF:0
BRH:0
end_of_record
TN:
SF:src\config\mail.config.js
FNF:0
FNH:0
DA:1,0
DA:3,0
LF:2
LH:0
BRF:0
BRH:0
end_of_record
TN:
SF:src\controllers\CycleCountForm.controller.js
FN:10,(anonymous_0)
FN:33,(anonymous_1)
FN:34,(anonymous_2)
FN:48,(anonymous_3)
FN:88,(anonymous_4)
FN:112,(anonymous_5)
FN:124,(anonymous_6)
FN:126,(anonymous_7)
FN:150,(anonymous_8)
FN:188,(anonymous_9)
FN:193,(anonymous_10)
FN:207,(anonymous_11)
FN:212,(anonymous_12)
FN:214,(anonymous_13)
FN:220,(anonymous_14)
FN:235,(anonymous_15)
FN:288,(anonymous_16)
FN:348,(anonymous_17)
FN:398,(anonymous_18)
FN:421,(anonymous_19)
FN:432,(anonymous_20)
FN:476,(anonymous_21)
FN:538,(anonymous_22)
FNF:23
FNH:0
FNDA:0,(anonymous_0)
FNDA:0,(anonymous_1)
FNDA:0,(anonymous_2)
FNDA:0,(anonymous_3)
FNDA:0,(anonymous_4)
FNDA:0,(anonymous_5)
FNDA:0,(anonymous_6)
FNDA:0,(anonymous_7)
FNDA:0,(anonymous_8)
FNDA:0,(anonymous_9)
FNDA:0,(anonymous_10)
FNDA:0,(anonymous_11)
FNDA:0,(anonymous_12)
FNDA:0,(anonymous_13)
FNDA:0,(anonymous_14)
FNDA:0,(anonymous_15)
FNDA:0,(anonymous_16)
FNDA:0,(anonymous_17)
FNDA:0,(anonymous_18)
FNDA:0,(anonymous_19)
FNDA:0,(anonymous_20)
FNDA:0,(anonymous_21)
FNDA:0,(anonymous_22)
DA:1,0
DA:2,0
DA:3,0
DA:4,0
DA:5,0
DA:10,0
DA:11,0
DA:13,0
DA:14,0
DA:20,0
DA:21,0
DA:27,0
DA:33,0
DA:34,0
DA:35,0
DA:36,0
DA:41,0
DA:48,0
DA:49,0
DA:50,0
DA:52,0
DA:53,0
DA:59,0
DA:78,0
DA:79,0
DA:86,0
DA:87,0
DA:88,0
DA:90,0
DA:92,0
DA:93,0
DA:100,0
DA:112,0
DA:124,0
DA:126,0
DA:133,0
DA:138,0
DA:139,0
DA:150,0
DA:151,0
DA:152,0
DA:154,0
DA:155,0
DA:158,0
DA:163,0
DA:164,0
DA:165,0
DA:172,0
DA:178,0
DA:179,0
DA:180,0
DA:187,0
DA:188,0
DA:191,0
DA:192,0
DA:193,0
DA:196,0
DA:197,0
DA:198,0
DA:199,0
DA:206,0
DA:207,0
DA:212,0
DA:213,0
DA:214,0
DA:217,0
DA:220,0
DA:231,0
DA:235,0
DA:247,0
DA:250,0
DA:265,0
DA:267,0
DA:273,0
DA:274,0
DA:275,0
DA:281,0
DA:288,0
DA:289,0
DA:290,0
DA:293,0
DA:295,0
DA:296,0
DA:297,0
DA:298,0
DA:299,0
DA:300,0
DA:304,0
DA:305,0
DA:308,0
DA:320,0
DA:322,0
DA:337,0
DA:338,0
DA:348,0
DA:349,0
DA:350,0
DA:352,0
DA:353,0
DA:354,0
DA:356,0
DA:357,0
DA:363,0
DA:364,0
DA:365,0
DA:366,0
DA:374,0
DA:378,0
DA:379,0
DA:380,0
DA:387,0
DA:388,0
DA:389,0
DA:390,0
DA:397,0
DA:398,0
DA:401,0
DA:402,0
DA:403,0
DA:409,0
DA:410,0
DA:411,0
DA:418,0
DA:419,0
DA:420,0
DA:421,0
DA:429,0
DA:432,0
DA:433,0
DA:434,0
DA:435,0
DA:436,0
DA:439,0
DA:440,0
DA:443,0
DA:456,0
DA:462,0
DA:463,0
DA:464,0
DA:469,0
DA:476,0
DA:477,0
DA:478,0
DA:480,0
DA:481,0
DA:482,0
DA:484,0
DA:485,0
DA:486,0
DA:487,0
DA:494,0
DA:495,0
DA:496,0
DA:503,0
DA:504,0
DA:505,0
DA:506,0
DA:507,0
DA:510,0
DA:515,0
DA:516,0
DA:518,0
DA:524,0
DA:525,0
DA:526,0
DA:531,0
DA:538,0
DA:539,0
DA:540,0
DA:541,0
DA:543,0
DA:552,0
DA:553,0
DA:559,0
DA:560,0
DA:561,0
DA:568,0
DA:577,0
DA:578,0
DA:585,0
DA:586,0
DA:587,0
DA:588,0
DA:590,0
DA:592,0
DA:598,0
DA:604,0
DA:605,0
DA:612,0
LF:189
LH:0
BRDA:13,0,0,0
BRDA:13,0,1,0
BRDA:13,1,0,0
BRDA:13,1,1,0
BRDA:13,1,2,0
BRDA:20,2,0,0
BRDA:20,2,1,0
BRDA:35,3,0,0
BRDA:35,3,1,0
BRDA:52,4,0,0
BRDA:52,4,1,0
BRDA:78,5,0,0
BRDA:78,5,1,0
BRDA:92,6,0,0
BRDA:92,6,1,0
BRDA:92,7,0,0
BRDA:92,7,1,0
BRDA:92,7,2,0
BRDA:115,8,0,0
BRDA:115,8,1,0
BRDA:142,9,0,0
BRDA:142,9,1,0
BRDA:163,10,0,0
BRDA:163,10,1,0
BRDA:178,11,0,0
BRDA:178,11,1,0
BRDA:197,12,0,0
BRDA:197,12,1,0
BRDA:197,13,0,0
BRDA:197,13,1,0
BRDA:223,14,0,0
BRDA:223,14,1,0
BRDA:243,15,0,0
BRDA:243,15,1,0
BRDA:278,16,0,0
BRDA:278,16,1,0
BRDA:290,17,0,0
BRDA:290,18,0,0
BRDA:295,19,0,0
BRDA:295,19,1,0
BRDA:296,20,0,0
BRDA:296,20,1,0
BRDA:297,21,0,0
BRDA:297,21,1,0
BRDA:297,22,0,0
BRDA:297,22,1,0
BRDA:299,23,0,0
BRDA:299,23,1,0
BRDA:300,24,0,0
BRDA:300,24,1,0
BRDA:304,25,0,0
BRDA:304,25,1,0
BRDA:356,26,0,0
BRDA:356,26,1,0
BRDA:356,27,0,0
BRDA:356,27,1,0
BRDA:364,28,0,0
BRDA:364,28,1,0
BRDA:374,29,0,0
BRDA:374,29,1,0
BRDA:374,29,2,0
BRDA:378,30,0,0
BRDA:378,30,1,0
BRDA:388,31,0,0
BRDA:388,31,1,0
BRDA:388,32,0,0
BRDA:388,32,1,0
BRDA:401,33,0,0
BRDA:401,33,1,0
BRDA:409,34,0,0
BRDA:409,34,1,0
BRDA:423,35,0,0
BRDA:423,35,1,0
BRDA:424,36,0,0
BRDA:424,36,1,0
BRDA:425,37,0,0
BRDA:425,37,1,0
BRDA:426,38,0,0
BRDA:426,38,1,0
BRDA:426,39,0,0
BRDA:426,39,1,0
BRDA:427,40,0,0
BRDA:427,40,1,0
BRDA:429,41,0,0
BRDA:429,41,1,0
BRDA:433,42,0,0
BRDA:433,42,1,0
BRDA:433,43,0,0
BRDA:433,43,1,0
BRDA:435,44,0,0
BRDA:435,44,1,0
BRDA:485,45,0,0
BRDA:485,45,1,0
BRDA:494,46,0,0
BRDA:494,46,1,0
BRDA:503,47,0,0
BRDA:503,47,1,0
BRDA:507,48,0,0
BRDA:507,48,1,0
BRDA:510,49,0,0
BRDA:510,49,1,0
BRDA:520,50,0,0
BRDA:520,50,1,0
BRDA:552,51,0,0
BRDA:552,51,1,0
BRDA:560,52,0,0
BRDA:560,52,1,0
BRDA:577,53,0,0
BRDA:577,53,1,0
BRDA:588,54,0,0
BRDA:588,54,1,0
BRF:111
BRH:0
end_of_record
TN:
SF:src\controllers\authController.js
FN:5,(anonymous_0)
FN:45,(anonymous_1)
FN:83,(anonymous_2)
FN:103,(anonymous_3)
FN:122,(anonymous_4)
FN:156,(anonymous_5)
FN:175,(anonymous_6)
FN:193,(anonymous_7)
FN:209,(anonymous_8)
FN:228,(anonymous_9)
FN:272,(anonymous_10)
FN:306,(anonymous_11)
FN:354,getRedirectByRole
FN:365,getRolePermissions
FNF:14
FNH:0
FNDA:0,(anonymous_0)
FNDA:0,(anonymous_1)
FNDA:0,(anonymous_2)
FNDA:0,(anonymous_3)
FNDA:0,(anonymous_4)
FNDA:0,(anonymous_5)
FNDA:0,(anonymous_6)
FNDA:0,(anonymous_7)
FNDA:0,(anonymous_8)
FNDA:0,(anonymous_9)
FNDA:0,(anonymous_10)
FNDA:0,(anonymous_11)
FNDA:0,getRedirectByRole
FNDA:0,getRolePermissions
DA:2,0
DA:4,0
DA:6,0
DA:7,0
DA:10,0
DA:11,0
DA:17,0
DA:24,0
DA:25,0
DA:28,0
DA:37,0
DA:38,0
DA:46,0
DA:47,0
DA:49,0
DA:50,0
DA:56,0
DA:58,0
DA:59,0
DA:62,0
DA:64,0
DA:75,0
DA:76,0
DA:84,0
DA:85,0
DA:87,0
DA:89,0
DA:90,0
DA:93,0
DA:95,0
DA:96,0
DA:104,0
DA:105,0
DA:107,0
DA:109,0
DA:110,0
DA:113,0
DA:115,0
DA:116,0
DA:123,0
DA:124,0
DA:126,0
DA:128,0
DA:129,0
DA:132,0
DA:135,0
DA:137,0
DA:148,0
DA:149,0
DA:157,0
DA:158,0
DA:160,0
DA:169,0
DA:176,0
DA:177,0
DA:179,0
DA:187,0
DA:194,0
DA:195,0
DA:196,0
DA:198,0
DA:203,0
DA:210,0
DA:211,0
DA:214,0
DA:216,0
DA:222,0
DA:229,0
DA:231,0
DA:232,0
DA:233,0
DA:240,0
DA:243,0
DA:244,0
DA:246,0
DA:253,0
DA:256,0
DA:258,0
DA:263,0
DA:264,0
DA:273,0
DA:274,0
DA:276,0
DA:277,0
DA:283,0
DA:285,0
DA:286,0
DA:292,0
DA:297,0
DA:298,0
DA:307,0
DA:309,0
DA:310,0
DA:311,0
DA:318,0
DA:320,0
DA:321,0
DA:328,0
DA:330,0
DA:331,0
DA:338,0
DA:340,0
DA:345,0
DA:346,0
DA:355,0
DA:362,0
DA:366,0
DA:371,0
DA:374,0
LF:109
LH:0
BRDA:10,0,0,0
BRDA:10,0,1,0
BRDA:10,1,0,0
BRDA:10,1,1,0
BRDA:10,1,2,0
BRDA:24,2,0,0
BRDA:24,2,1,0
BRDA:49,3,0,0
BRDA:49,3,1,0
BRDA:58,4,0,0
BRDA:58,4,1,0
BRDA:89,5,0,0
BRDA:89,5,1,0
BRDA:109,6,0,0
BRDA:109,6,1,0
BRDA:128,7,0,0
BRDA:128,7,1,0
BRDA:232,8,0,0
BRDA:232,8,1,0
BRDA:244,9,0,0
BRDA:244,9,1,0
BRDA:276,10,0,0
BRDA:276,10,1,0
BRDA:285,11,0,0
BRDA:285,11,1,0
BRDA:310,12,0,0
BRDA:310,12,1,0
BRDA:320,13,0,0
BRDA:320,13,1,0
BRDA:320,14,0,0
BRDA:320,14,1,0
BRDA:330,15,0,0
BRDA:330,15,1,0
BRDA:362,16,0,0
BRDA:362,16,1,0
BRDA:371,17,0,0
BRDA:371,17,1,0
BRF:37
BRH:0
end_of_record
TN:
SF:src\controllers\batchController.js
FN:4,(anonymous_0)
FN:24,(anonymous_1)
FNF:2
FNH:0
FNDA:0,(anonymous_0)
FNDA:0,(anonymous_1)
DA:1,0
DA:2,0
DA:4,0
DA:5,0
DA:6,0
DA:7,0
DA:8,0
DA:9,0
DA:11,0
DA:16,0
DA:17,0
DA:18,0
DA:20,0
DA:24,0
DA:25,0
DA:26,0
DA:27,0
DA:30,0
DA:34,0
DA:35,0
DA:37,0
DA:38,0
DA:40,0
DA:43,0
LF:24
LH:0
BRDA:8,0,0,0
BRDA:8,0,1,0
BRDA:8,1,0,0
BRDA:8,1,1,0
BRDA:34,2,0,0
BRDA:34,2,1,0
BRDA:34,3,0,0
BRDA:34,3,1,0
BRDA:37,4,0,0
BRDA:37,4,1,0
BRF:10
BRH:0
end_of_record
TN:
SF:src\controllers\contractController.js
FN:4,(anonymous_0)
FN:9,(anonymous_1)
FN:15,(anonymous_2)
FN:21,(anonymous_3)
FN:28,(anonymous_4)
FN:34,(anonymous_5)
FNF:6
FNH:0
FNDA:0,(anonymous_0)
FNDA:0,(anonymous_1)
FNDA:0,(anonymous_2)
FNDA:0,(anonymous_3)
FNDA:0,(anonymous_4)
FNDA:0,(anonymous_5)
DA:1,0
DA:3,0
DA:5,0
DA:6,0
DA:10,0
DA:11,0
DA:12,0
DA:16,0
DA:17,0
DA:18,0
DA:22,0
DA:23,0
DA:24,0
DA:25,0
DA:29,0
DA:30,0
DA:31,0
DA:35,0
DA:36,0
DA:37,0
DA:41,0
LF:21
LH:0
BRDA:6,0,0,0
BRDA:6,0,1,0
BRDA:25,1,0,0
BRDA:25,1,1,0
BRDA:31,2,0,0
BRDA:31,2,1,0
BRDA:37,3,0,0
BRDA:37,3,1,0
BRF:8
BRH:0
end_of_record
TN:
SF:src\controllers\cronController.js
FN:2,(anonymous_0)
FNF:1
FNH:0
FNDA:0,(anonymous_0)
DA:2,0
DA:3,0
DA:6,0
DA:12,0
LF:4
LH:0
BRF:0
BRH:0
end_of_record
TN:
SF:src\controllers\importOrderController.js
FN:5,(anonymous_0)
FN:32,(anonymous_1)
FN:58,(anonymous_2)
FN:76,(anonymous_3)
FN:96,(anonymous_4)
FN:116,(anonymous_5)
FN:134,(anonymous_6)
FNF:7
FNH:0
FNDA:0,(anonymous_0)
FNDA:0,(anonymous_1)
FNDA:0,(anonymous_2)
FNDA:0,(anonymous_3)
FNDA:0,(anonymous_4)
FNDA:0,(anonymous_5)
FNDA:0,(anonymous_6)
DA:1,0
DA:2,0
DA:5,0
DA:6,0
DA:7,0
DA:10,0
DA:11,0
DA:14,0
DA:17,0
DA:19,0
DA:24,0
DA:32,0
DA:33,0
DA:34,0
DA:37,0
DA:38,0
DA:39,0
DA:40,0
DA:42,0
DA:44,0
DA:50,0
DA:58,0
DA:59,0
DA:60,0
DA:61,0
DA:63,0
DA:68,0
DA:76,0
DA:77,0
DA:78,0
DA:79,0
DA:81,0
DA:83,0
DA:88,0
DA:96,0
DA:97,0
DA:98,0
DA:99,0
DA:101,0
DA:103,0
DA:108,0
DA:116,0
DA:117,0
DA:118,0
DA:119,0
DA:121,0
DA:126,0
DA:134,0
DA:135,0
DA:136,0
DA:137,0
DA:140,0
DA:141,0
DA:145,0
DA:147,0
DA:149,0
DA:154,0
DA:161,0
LF:58
LH:0
BRDA:10,0,0,0
BRDA:10,0,1,0
BRDA:10,1,0,0
BRDA:10,1,1,0
BRDA:34,2,0,0
BRDA:34,3,0,0
BRDA:38,4,0,0
BRDA:38,4,1,0
BRDA:39,5,0,0
BRDA:39,5,1,0
BRDA:40,6,0,0
BRDA:40,6,1,0
BRDA:140,7,0,0
BRDA:140,7,1,0
BRDA:145,8,0,0
BRDA:145,8,1,0
BRDA:145,9,0,0
BRDA:145,9,1,0
BRF:18
BRH:0
end_of_record
TN:
SF:src\controllers\index.js
FNF:0
FNH:0
DA:1,0
LF:1
LH:0
BRF:0
BRH:0
end_of_record
TN:
SF:src\controllers\locationController.js
FN:3,(anonymous_0)
FN:22,(anonymous_1)
FNF:2
FNH:0
FNDA:0,(anonymous_0)
FNDA:0,(anonymous_1)
DA:1,0
DA:3,0
DA:4,0
DA:5,0
DA:16,0
DA:18,0
DA:22,0
DA:23,0
DA:24,0
DA:25,0
DA:27,0
LF:11
LH:0
BRF:0
BRH:0
end_of_record
TN:
SF:src\controllers\mailController.js
FNF:0
FNH:0
LF:0
LH:0
BRF:0
BRH:0
end_of_record
TN:
SF:src\controllers\medicineController.js
FN:7,(anonymous_0)
FN:72,(anonymous_1)
FN:104,(anonymous_2)
FN:205,(anonymous_3)
FN:275,(anonymous_4)
FN:310,(anonymous_5)
FN:333,(anonymous_6)
FNF:7
FNH:0
FNDA:0,(anonymous_0)
FNDA:0,(anonymous_1)
FNDA:0,(anonymous_2)
FNDA:0,(anonymous_3)
FNDA:0,(anonymous_4)
FNDA:0,(anonymous_5)
FNDA:0,(anonymous_6)
DA:2,0
DA:3,0
DA:5,0
DA:8,0
DA:17,0
DA:20,0
DA:21,0
DA:27,0
DA:28,0
DA:34,0
DA:35,0
DA:41,0
DA:51,0
DA:53,0
DA:54,0
DA:57,0
DA:63,0
DA:64,0
DA:73,0
DA:74,0
DA:76,0
DA:77,0
DA:83,0
DA:85,0
DA:86,0
DA:89,0
DA:95,0
DA:96,0
DA:105,0
DA:117,0
DA:120,0
DA:121,0
DA:128,0
DA:129,0
DA:135,0
DA:136,0
DA:142,0
DA:143,0
DA:150,0
DA:151,0
DA:157,0
DA:158,0
DA:164,0
DA:165,0
DA:171,0
DA:184,0
DA:186,0
DA:187,0
DA:190,0
DA:196,0
DA:197,0
DA:206,0
DA:207,0
DA:208,0
DA:210,0
DA:211,0
DA:218,0
DA:219,0
DA:225,0
DA:226,0
DA:232,0
DA:233,0
DA:240,0
DA:241,0
DA:247,0
DA:248,0
DA:254,0
DA:256,0
DA:257,0
DA:260,0
DA:266,0
DA:267,0
DA:276,0
DA:277,0
DA:279,0
DA:280,0
DA:286,0
DA:288,0
DA:289,0
DA:290,0
DA:292,0
DA:295,0
DA:301,0
DA:302,0
DA:311,0
DA:312,0
DA:314,0
DA:315,0
DA:318,0
DA:324,0
DA:325,0
DA:334,0
DA:335,0
DA:341,0
DA:347,0
DA:348,0
DA:356,0
LF:97
LH:0
BRDA:20,0,0,0
BRDA:20,0,1,0
BRDA:20,1,0,0
BRDA:20,1,1,0
BRDA:27,2,0,0
BRDA:27,2,1,0
BRDA:27,3,0,0
BRDA:27,3,1,0
BRDA:34,4,0,0
BRDA:34,4,1,0
BRDA:34,5,0,0
BRDA:34,5,1,0
BRDA:53,6,0,0
BRDA:53,6,1,0
BRDA:76,7,0,0
BRDA:76,7,1,0
BRDA:85,8,0,0
BRDA:85,8,1,0
BRDA:120,9,0,0
BRDA:120,9,1,0
BRDA:120,10,0,0
BRDA:120,10,1,0
BRDA:120,10,2,0
BRDA:120,10,3,0
BRDA:120,10,4,0
BRDA:128,11,0,0
BRDA:128,11,1,0
BRDA:135,12,0,0
BRDA:135,12,1,0
BRDA:135,13,0,0
BRDA:135,13,1,0
BRDA:142,14,0,0
BRDA:142,14,1,0
BRDA:150,15,0,0
BRDA:150,15,1,0
BRDA:150,16,0,0
BRDA:150,16,1,0
BRDA:157,17,0,0
BRDA:157,17,1,0
BRDA:157,18,0,0
BRDA:157,18,1,0
BRDA:164,19,0,0
BRDA:164,19,1,0
BRDA:164,20,0,0
BRDA:164,20,1,0
BRDA:164,20,2,0
BRDA:178,21,0,0
BRDA:178,21,1,0
BRDA:179,22,0,0
BRDA:179,22,1,0
BRDA:186,23,0,0
BRDA:186,23,1,0
BRDA:210,24,0,0
BRDA:210,24,1,0
BRDA:218,25,0,0
BRDA:218,25,1,0
BRDA:218,26,0,0
BRDA:218,26,1,0
BRDA:225,27,0,0
BRDA:225,27,1,0
BRDA:225,28,0,0
BRDA:225,28,1,0
BRDA:232,29,0,0
BRDA:232,29,1,0
BRDA:232,30,0,0
BRDA:232,30,1,0
BRDA:240,31,0,0
BRDA:240,31,1,0
BRDA:240,32,0,0
BRDA:240,32,1,0
BRDA:247,33,0,0
BRDA:247,33,1,0
BRDA:247,34,0,0
BRDA:247,34,1,0
BRDA:256,35,0,0
BRDA:256,35,1,0
BRDA:279,36,0,0
BRDA:279,36,1,0
BRDA:288,37,0,0
BRDA:288,37,1,0
BRDA:289,38,0,0
BRDA:289,38,1,0
BRDA:314,39,0,0
BRDA:314,39,1,0
BRF:84
BRH:0
end_of_record
TN:
SF:src\controllers\notificationController.js
FN:5,(anonymous_0)
FN:45,(anonymous_1)
FN:71,(anonymous_2)
FN:117,(anonymous_3)
FN:144,(anonymous_4)
FN:171,(anonymous_5)
FN:197,(anonymous_6)
FN:223,(anonymous_7)
FN:249,(anonymous_8)
FN:284,(anonymous_9)
FN:319,(anonymous_10)
FN:358,(anonymous_11)
FN:393,(anonymous_12)
FNF:13
FNH:0
FNDA:0,(anonymous_0)
FNDA:0,(anonymous_1)
FNDA:0,(anonymous_2)
FNDA:0,(anonymous_3)
FNDA:0,(anonymous_4)
FNDA:0,(anonymous_5)
FNDA:0,(anonymous_6)
FNDA:0,(anonymous_7)
FNDA:0,(anonymous_8)
FNDA:0,(anonymous_9)
FNDA:0,(anonymous_10)
FNDA:0,(anonymous_11)
FNDA:0,(anonymous_12)
DA:1,0
DA:3,0
DA:6,0
DA:16,0
DA:18,0
DA:29,0
DA:31,0
DA:36,0
DA:46,0
DA:47,0
DA:48,0
DA:50,0
DA:55,0
DA:56,0
DA:62,0
DA:72,0
DA:73,0
DA:82,0
DA:84,0
DA:94,0
DA:96,0
DA:101,0
DA:102,0
DA:108,0
DA:118,0
DA:119,0
DA:120,0
DA:122,0
DA:128,0
DA:129,0
DA:135,0
DA:145,0
DA:146,0
DA:147,0
DA:149,0
DA:155,0
DA:156,0
DA:162,0
DA:172,0
DA:173,0
DA:174,0
DA:176,0
DA:181,0
DA:182,0
DA:188,0
DA:198,0
DA:199,0
DA:200,0
DA:202,0
DA:207,0
DA:208,0
DA:214,0
DA:224,0
DA:225,0
DA:226,0
DA:228,0
DA:233,0
DA:234,0
DA:240,0
DA:250,0
DA:251,0
DA:252,0
DA:254,0
DA:256,0
DA:261,0
DA:262,0
DA:268,0
DA:269,0
DA:275,0
DA:285,0
DA:286,0
DA:287,0
DA:289,0
DA:296,0
DA:298,0
DA:303,0
DA:304,0
DA:310,0
DA:320,0
DA:321,0
DA:322,0
DA:324,0
DA:331,0
DA:337,0
DA:342,0
DA:343,0
DA:349,0
DA:359,0
DA:360,0
DA:361,0
DA:363,0
DA:364,0
DA:370,0
DA:377,0
DA:379,0
DA:384,0
DA:394,0
DA:395,0
DA:396,0
DA:398,0
DA:403,0
DA:412,0
LF:102
LH:0
BRDA:8,0,0,0
BRDA:9,1,0,0
BRDA:14,2,0,0
BRDA:15,3,0,0
BRDA:55,4,0,0
BRDA:55,4,1,0
BRDA:55,5,0,0
BRDA:55,5,1,0
BRDA:75,6,0,0
BRDA:76,7,0,0
BRDA:80,8,0,0
BRDA:81,9,0,0
BRDA:101,10,0,0
BRDA:101,10,1,0
BRDA:128,11,0,0
BRDA:128,11,1,0
BRDA:128,12,0,0
BRDA:128,12,1,0
BRDA:155,13,0,0
BRDA:155,13,1,0
BRDA:155,14,0,0
BRDA:155,14,1,0
BRDA:181,15,0,0
BRDA:181,15,1,0
BRDA:207,16,0,0
BRDA:207,16,1,0
BRDA:233,17,0,0
BRDA:233,17,1,0
BRDA:261,18,0,0
BRDA:261,18,1,0
BRDA:261,19,0,0
BRDA:261,19,1,0
BRDA:268,20,0,0
BRDA:268,20,1,0
BRDA:287,21,0,0
BRDA:287,22,0,0
BRDA:287,23,0,0
BRDA:287,24,0,0
BRDA:303,25,0,0
BRDA:303,25,1,0
BRDA:322,26,0,0
BRDA:322,27,0,0
BRDA:322,28,0,0
BRDA:322,29,0,0
BRDA:342,30,0,0
BRDA:342,30,1,0
BRDA:361,31,0,0
BRDA:361,32,0,0
BRDA:361,33,0,0
BRDA:361,34,0,0
BRDA:363,35,0,0
BRDA:363,35,1,0
BRF:52
BRH:0
end_of_record
TN:
SF:src\controllers\packageController.js
FN:9,(anonymous_0)
FN:36,(anonymous_1)
FN:54,(anonymous_2)
FN:186,(anonymous_3)
FN:229,(anonymous_4)
FNF:5
FNH:0
FNDA:0,(anonymous_0)
FNDA:0,(anonymous_1)
FNDA:0,(anonymous_2)
FNDA:0,(anonymous_3)
FNDA:0,(anonymous_4)
DA:1,0
DA:2,0
DA:3,0
DA:4,0
DA:5,0
DA:7,0
DA:10,0
DA:11,0
DA:22,0
DA:27,0
DA:37,0
DA:38,0
DA:40,0
DA:45,0
DA:55,0
DA:56,0
DA:57,0
DA:60,0
DA:61,0
DA:68,0
DA:69,0
DA:70,0
DA:77,0
DA:78,0
DA:79,0
DA:84,0
DA:85,0
DA:92,0
DA:93,0
DA:94,0
DA:100,0
DA:103,0
DA:106,0
DA:107,0
DA:111,0
DA:112,0
DA:113,0
DA:114,0
DA:119,0
DA:128,0
DA:133,0
DA:134,0
DA:140,0
DA:141,0
DA:142,0
DA:148,0
DA:157,0
DA:160,0
DA:170,0
DA:176,0
DA:177,0
DA:187,0
DA:188,0
DA:191,0
DA:192,0
DA:193,0
DA:200,0
DA:203,0
DA:213,0
DA:219,0
DA:220,0
DA:230,0
DA:231,0
DA:233,0
DA:244,0
DA:249,0
DA:258,0
LF:67
LH:0
BRDA:60,0,0,0
BRDA:60,0,1,0
BRDA:60,1,0,0
BRDA:60,1,1,0
BRDA:69,2,0,0
BRDA:69,2,1,0
BRDA:78,3,0,0
BRDA:78,3,1,0
BRDA:84,4,0,0
BRDA:84,4,1,0
BRDA:93,5,0,0
BRDA:93,5,1,0
BRDA:106,6,0,0
BRDA:106,6,1,0
BRDA:111,7,0,0
BRDA:111,7,1,0
BRDA:113,8,0,0
BRDA:113,8,1,0
BRDA:133,9,0,0
BRDA:133,9,1,0
BRDA:141,10,0,0
BRDA:141,10,1,0
BRDA:192,11,0,0
BRDA:192,11,1,0
BRF:24
BRH:0
end_of_record
TN:
SF:src\controllers\purchaseOrderController.js
FN:7,(anonymous_0)
FN:28,(anonymous_1)
FN:56,(anonymous_2)
FN:72,(anonymous_3)
FN:92,(anonymous_4)
FN:111,(anonymous_5)
FN:132,(anonymous_6)
FN:158,(anonymous_7)
FN:177,(anonymous_8)
FN:199,(anonymous_9)
FN:222,(anonymous_10)
FNF:11
FNH:0
FNDA:0,(anonymous_0)
FNDA:0,(anonymous_1)
FNDA:0,(anonymous_2)
FNDA:0,(anonymous_3)
FNDA:0,(anonymous_4)
FNDA:0,(anonymous_5)
FNDA:0,(anonymous_6)
FNDA:0,(anonymous_7)
FNDA:0,(anonymous_8)
FNDA:0,(anonymous_9)
FNDA:0,(anonymous_10)
DA:2,0
DA:3,0
DA:5,0
DA:8,0
DA:9,0
DA:14,0
DA:15,0
DA:20,0
DA:29,0
DA:30,0
DA:40,0
DA:42,0
DA:48,0
DA:57,0
DA:58,0
DA:59,0
DA:64,0
DA:73,0
DA:74,0
DA:79,0
DA:84,0
DA:93,0
DA:94,0
DA:98,0
DA:103,0
DA:112,0
DA:113,0
DA:114,0
DA:119,0
DA:124,0
DA:133,0
DA:134,0
DA:135,0
DA:142,0
DA:144,0
DA:150,0
DA:159,0
DA:160,0
DA:161,0
DA:163,0
DA:169,0
DA:178,0
DA:179,0
DA:180,0
DA:182,0
DA:184,0
DA:190,0
DA:191,0
DA:200,0
DA:201,0
DA:202,0
DA:203,0
DA:205,0
DA:207,0
DA:213,0
DA:214,0
DA:223,0
DA:224,0
DA:225,0
DA:226,0
DA:228,0
DA:230,0
DA:236,0
DA:237,0
DA:245,0
LF:65
LH:0
BRDA:11,0,0,0
BRDA:11,0,1,0
BRDA:31,1,0,0
BRDA:31,1,1,0
BRDA:32,2,0,0
BRDA:32,2,1,0
BRDA:36,3,0,0
BRDA:36,3,1,0
BRDA:37,4,0,0
BRDA:37,4,1,0
BRDA:136,5,0,0
BRDA:136,5,1,0
BRDA:137,6,0,0
BRDA:137,6,1,0
BRDA:138,7,0,0
BRDA:138,7,1,0
BRDA:139,8,0,0
BRDA:139,8,1,0
BRDA:160,9,0,0
BRDA:160,9,1,0
BRDA:190,10,0,0
BRDA:190,10,1,0
BRDA:213,11,0,0
BRDA:213,11,1,0
BRDA:236,12,0,0
BRDA:236,12,1,0
BRF:26
BRH:0
end_of_record
TN:
SF:src\controllers\userController.js
FN:8,(anonymous_0)
FN:15,(anonymous_1)
FN:18,(anonymous_2)
FN:62,(anonymous_3)
FN:73,(anonymous_4)
FN:157,(anonymous_5)
FN:161,(anonymous_6)
FN:231,(anonymous_7)
FN:263,(anonymous_8)
FN:310,(anonymous_9)
FN:321,(anonymous_10)
FN:363,(anonymous_11)
FN:402,(anonymous_12)
FN:431,(anonymous_13)
FNF:14
FNH:0
FNDA:0,(anonymous_0)
FNDA:0,(anonymous_1)
FNDA:0,(anonymous_2)
FNDA:0,(anonymous_3)
FNDA:0,(anonymous_4)
FNDA:0,(anonymous_5)
FNDA:0,(anonymous_6)
FNDA:0,(anonymous_7)
FNDA:0,(anonymous_8)
FNDA:0,(anonymous_9)
FNDA:0,(anonymous_10)
FNDA:0,(anonymous_11)
FNDA:0,(anonymous_12)
FNDA:0,(anonymous_13)
DA:1,0
DA:2,0
DA:3,0
DA:4,0
DA:5,0
DA:8,0
DA:9,0
DA:15,0
DA:16,0
DA:18,0
DA:19,0
DA:20,0
DA:23,0
DA:24,0
DA:25,0
DA:32,0
DA:33,0
DA:36,0
DA:44,0
DA:47,0
DA:48,0
DA:49,0
DA:50,0
DA:52,0
DA:58,0
DA:59,0
DA:62,0
DA:66,0
DA:73,0
DA:74,0
DA:75,0
DA:78,0
DA:79,0
DA:86,0
DA:87,0
DA:89,0
DA:90,0
DA:97,0
DA:106,0
DA:107,0
DA:110,0
DA:112,0
DA:113,0
DA:114,0
DA:116,0
DA:124,0
DA:125,0
DA:126,0
DA:128,0
DA:136,0
DA:137,0
DA:138,0
DA:139,0
DA:144,0
DA:147,0
DA:150,0
DA:158,0
DA:159,0
DA:162,0
DA:163,0
DA:168,0
DA:189,0
DA:215,0
DA:223,0
DA:231,0
DA:232,0
DA:233,0
DA:235,0
DA:237,0
DA:238,0
DA:244,0
DA:249,0
DA:250,0
DA:256,0
DA:263,0
DA:264,0
DA:265,0
DA:266,0
DA:269,0
DA:270,0
DA:271,0
DA:278,0
DA:279,0
DA:280,0
DA:281,0
DA:289,0
DA:290,0
DA:291,0
DA:292,0
DA:293,0
DA:295,0
DA:300,0
DA:306,0
DA:307,0
DA:310,0
DA:314,0
DA:321,0
DA:322,0
DA:323,0
DA:324,0
DA:327,0
DA:328,0
DA:329,0
DA:336,0
DA:337,0
DA:338,0
DA:345,0
DA:346,0
DA:349,0
DA:351,0
DA:356,0
DA:363,0
DA:364,0
DA:365,0
DA:366,0
DA:369,0
DA:370,0
DA:376,0
DA:382,0
DA:383,0
DA:389,0
DA:395,0
DA:402,0
DA:403,0
DA:404,0
DA:406,0
DA:407,0
DA:408,0
DA:415,0
DA:419,0
DA:424,0
DA:431,0
DA:432,0
DA:433,0
DA:435,0
DA:436,0
DA:437,0
DA:444,0
DA:445,0
DA:448,0
DA:456,0
DA:458,0
DA:463,0
DA:470,0
LF:144
LH:0
BRDA:10,0,0,0
BRDA:10,0,1,0
BRDA:24,1,0,0
BRDA:24,1,1,0
BRDA:40,2,0,0
BRDA:40,2,1,0
BRDA:58,3,0,0
BRDA:58,3,1,0
BRDA:75,4,0,0
BRDA:75,5,0,0
BRDA:78,6,0,0
BRDA:78,6,1,0
BRDA:78,7,0,0
BRDA:78,7,1,0
BRDA:89,8,0,0
BRDA:89,8,1,0
BRDA:89,9,0,0
BRDA:89,9,1,0
BRDA:106,10,0,0
BRDA:106,10,1,0
BRDA:107,11,0,0
BRDA:107,11,1,0
BRDA:112,12,0,0
BRDA:112,12,1,0
BRDA:113,13,0,0
BRDA:113,13,1,0
BRDA:124,14,0,0
BRDA:124,14,1,0
BRDA:125,15,0,0
BRDA:125,15,1,0
BRDA:136,16,0,0
BRDA:136,16,1,0
BRDA:136,17,0,0
BRDA:136,17,1,0
BRDA:138,18,0,0
BRDA:138,18,1,0
BRDA:226,19,0,0
BRDA:226,19,1,0
BRDA:237,20,0,0
BRDA:237,20,1,0
BRDA:249,21,0,0
BRDA:249,21,1,0
BRDA:270,22,0,0
BRDA:270,22,1,0
BRDA:278,23,0,0
BRDA:278,23,1,0
BRDA:278,24,0,0
BRDA:278,24,1,0
BRDA:280,25,0,0
BRDA:280,25,1,0
BRDA:290,26,0,0
BRDA:290,26,1,0
BRDA:291,27,0,0
BRDA:291,27,1,0
BRDA:292,28,0,0
BRDA:292,28,1,0
BRDA:293,29,0,0
BRDA:293,29,1,0
BRDA:306,30,0,0
BRDA:306,30,1,0
BRDA:328,31,0,0
BRDA:328,31,1,0
BRDA:337,32,0,0
BRDA:337,32,1,0
BRDA:369,33,0,0
BRDA:369,33,1,0
BRDA:382,34,0,0
BRDA:382,34,1,0
BRDA:407,35,0,0
BRDA:407,35,1,0
BRDA:436,36,0,0
BRDA:436,36,1,0
BRF:72
BRH:0
end_of_record
TN:
SF:src\cron\index.js
FN:3,startAllCrons
FNF:1
FNH:0
FNDA:0,startAllCrons
DA:1,0
DA:4,0
DA:7,0
LF:3
LH:0
BRF:0
BRH:0
end_of_record
TN:
SF:src\cron\inventoryJob.js
FN:4,startInventoryJob
FN:5,(anonymous_1)
FNF:2
FNH:0
FNDA:0,startInventoryJob
FNDA:0,(anonymous_1)
DA:1,0
DA:2,0
DA:5,0
DA:6,0
DA:7,0
DA:11,0
LF:6
LH:0
BRF:0
BRH:0
end_of_record
TN:
SF:src\middlewares\authenticate.js
FN:6,(anonymous_0)
FNF:1
FNH:0
FNDA:0,(anonymous_0)
DA:2,0
DA:3,0
DA:4,0
DA:6,0
DA:7,0
DA:8,0
DA:11,0
DA:12,0
DA:14,0
DA:15,0
DA:16,0
DA:17,0
DA:21,0
DA:22,0
DA:28,0
DA:35,0
DA:38,0
DA:39,0
DA:44,0
DA:51,0
DA:53,0
DA:54,0
DA:60,0
DA:61,0
DA:68,0
DA:79,0
DA:86,0
DA:88,0
DA:96,0
DA:97,0
DA:103,0
DA:104,0
DA:110,0
DA:117,0
LF:34
LH:0
BRDA:14,0,0,0
BRDA:14,0,1,0
BRDA:14,1,0,0
BRDA:14,1,1,0
BRDA:16,2,0,0
BRDA:16,2,1,0
BRDA:21,3,0,0
BRDA:21,3,1,0
BRDA:21,4,0,0
BRDA:21,4,1,0
BRDA:38,5,0,0
BRDA:38,5,1,0
BRDA:38,6,0,0
BRDA:38,6,1,0
BRDA:53,7,0,0
BRDA:53,7,1,0
BRDA:60,8,0,0
BRDA:60,8,1,0
BRDA:96,9,0,0
BRDA:96,9,1,0
BRDA:103,10,0,0
BRDA:103,10,1,0
BRF:22
BRH:0
end_of_record
TN:
SF:src\middlewares\authorize.js
FN:2,(anonymous_0)
FN:3,(anonymous_1)
FNF:2
FNH:0
FNDA:0,(anonymous_0)
FNDA:0,(anonymous_1)
DA:2,0
DA:3,0
DA:4,0
DA:6,0
DA:7,0
DA:14,0
DA:16,0
DA:17,0
DA:24,0
DA:26,0
DA:27,0
DA:35,0
DA:37,0
DA:38,0
DA:46,0
LF:15
LH:0
BRDA:6,0,0,0
BRDA:6,0,1,0
BRDA:16,1,0,0
BRDA:16,1,1,0
BRDA:24,2,0,0
BRDA:24,2,1,0
BRDA:26,3,0,0
BRDA:26,3,1,0
BRF:8
BRH:0
end_of_record
TN:
SF:src\middlewares\error.middleware.js
FN:8,(anonymous_0)
FN:16,(anonymous_1)
FNF:2
FNH:0
FNDA:0,(anonymous_0)
FNDA:0,(anonymous_1)
DA:8,0
DA:9,0
DA:10,0
DA:13,0
DA:14,0
DA:15,0
DA:16,0
DA:20,0
DA:21,0
DA:22,0
DA:25,0
DA:26,0
DA:27,0
DA:30,0
DA:31,0
DA:32,0
DA:35,0
DA:36,0
DA:37,0
DA:41,0
DA:42,0
DA:46,0
DA:53,0
LF:23
LH:0
BRDA:9,0,0,0
BRDA:9,0,1,0
BRDA:10,1,0,0
BRDA:10,1,1,0
BRDA:13,2,0,0
BRDA:13,2,1,0
BRDA:20,3,0,0
BRDA:20,3,1,0
BRDA:25,4,0,0
BRDA:25,4,1,0
BRDA:30,5,0,0
BRDA:30,5,1,0
BRDA:35,6,0,0
BRDA:35,6,1,0
BRDA:41,7,0,0
BRDA:41,7,1,0
BRDA:49,8,0,0
BRDA:49,8,1,0
BRF:18
BRH:0
end_of_record
TN:
SF:src\middlewares\index.js
FNF:0
FNH:0
DA:1,0
LF:1
LH:0
BRF:0
BRH:0
end_of_record
TN:
SF:src\models\Area.js
FNF:0
FNH:0
DA:1,0
DA:2,0
DA:4,0
DA:37,0
LF:4
LH:0
BRF:0
BRH:0
end_of_record
TN:
SF:src\models\Batch.js
FN:24,(anonymous_0)
FNF:1
FNH:0
FNDA:0,(anonymous_0)
DA:1,0
DA:2,0
DA:4,0
DA:25,0
DA:43,0
LF:5
LH:0
BRF:0
BRH:0
end_of_record
TN:
SF:src\models\Contract.js
FN:20,(anonymous_0)
FN:21,(anonymous_1)
FN:94,(anonymous_2)
FNF:3
FNH:0
FNDA:0,(anonymous_0)
FNDA:0,(anonymous_1)
FNDA:0,(anonymous_2)
DA:1,0
DA:7,0
DA:10,0
DA:21,0
DA:55,0
DA:94,0
DA:95,0
DA:96,0
DA:98,0
DA:99,0
DA:101,0
DA:102,0
DA:104,0
DA:107,0
LF:14
LH:0
BRDA:21,0,0,0
BRDA:21,0,1,0
BRDA:21,1,0,0
BRDA:21,1,1,0
BRDA:95,2,0,0
BRDA:95,2,1,0
BRDA:95,3,0,0
BRDA:95,3,1,0
BRDA:98,4,0,0
BRDA:98,4,1,0
BRDA:98,5,0,0
BRDA:98,5,1,0
BRDA:101,6,0,0
BRDA:101,6,1,0
BRF:14
BRH:0
end_of_record
TN:
SF:src\models\ImportOrder.js
FNF:0
FNH:0
DA:1,0
DA:2,0
DA:4,0
DA:57,0
LF:4
LH:0
BRF:0
BRH:0
end_of_record
TN:
SF:src\models\Inventory.js
FNF:0
FNH:0
DA:1,0
DA:3,0
DA:28,0
DA:30,0
LF:4
LH:0
BRF:0
BRH:0
end_of_record
TN:
SF:src\models\Location.js
FNF:0
FNH:0
DA:1,0
DA:3,0
DA:32,0
LF:3
LH:0
BRF:0
BRH:0
end_of_record
TN:
SF:src\models\Medicine.js
FN:25,(anonymous_0)
FN:26,(anonymous_1)
FN:70,(anonymous_2)
FNF:3
FNH:0
FNDA:0,(anonymous_0)
FNDA:0,(anonymous_1)
FNDA:0,(anonymous_2)
DA:1,0
DA:2,0
DA:4,0
DA:26,0
DA:71,0
DA:100,0
DA:101,0
DA:102,0
DA:104,0
LF:9
LH:0
BRDA:26,0,0,0
BRDA:26,0,1,0
BRDA:26,1,0,0
BRDA:26,1,1,0
BRF:4
BRH:0
end_of_record
TN:
SF:src\models\Notification.js
FNF:0
FNH:0
DA:1,0
DA:2,0
DA:63,0
LF:3
LH:0
BRF:0
BRH:0
end_of_record
TN:
SF:src\models\Package.js
FNF:0
FNH:0
DA:1,0
DA:2,0
DA:4,0
DA:36,0
LF:4
LH:0
BRF:0
BRH:0
end_of_record
TN:
SF:src\models\PurchaseOrder.js
FNF:0
FNH:0
DA:1,0
DA:2,0
DA:4,0
DA:35,0
LF:4
LH:0
BRF:0
BRH:0
end_of_record
TN:
SF:src\models\Supplier.js
FNF:0
FNH:0
DA:1,0
DA:3,0
DA:26,0
LF:3
LH:0
BRF:0
BRH:0
end_of_record
TN:
SF:src\models\SupplierContract.js
FN:31,(anonymous_0)
FN:70,(anonymous_1)
FNF:2
FNH:0
FNDA:0,(anonymous_0)
FNDA:0,(anonymous_1)
DA:1,0
DA:2,0
DA:5,0
DA:32,0
DA:46,0
DA:71,0
DA:92,0
LF:7
LH:0
BRF:0
BRH:0
end_of_record
TN:
SF:src\models\User.js
FNF:0
FNH:0
DA:1,0
DA:2,0
DA:3,0
DA:5,0
DA:17,0
DA:59,0
LF:6
LH:0
BRF:0
BRH:0
end_of_record
TN:
SF:src\models\index.js
FNF:0
FNH:0
DA:1,0
DA:2,0
DA:3,0
DA:4,0
DA:5,0
DA:6,0
DA:7,0
DA:8,0
DA:9,0
DA:10,0
DA:11,0
DA:12,0
DA:14,0
LF:13
LH:0
BRF:0
BRH:0
end_of_record
TN:
SF:src\routes\authRoute.js
FNF:0
FNH:0
DA:1,0
DA:2,0
DA:3,0
DA:4,0
DA:7,0
DA:8,0
DA:9,0
DA:10,0
DA:11,0
DA:12,0
DA:15,0
DA:16,0
DA:17,0
DA:20,0
DA:21,0
DA:24,0
DA:26,0
LF:17
LH:0
BRF:0
BRH:0
end_of_record
TN:
SF:src\routes\batchRoute.js
FNF:0
FNH:0
DA:1,0
DA:2,0
DA:3,0
DA:5,0
DA:6,0
DA:8,0
LF:6
LH:0
BRF:0
BRH:0
end_of_record
TN:
SF:src\routes\contractRoute.js
FNF:0
FNH:0
DA:1,0
DA:2,0
DA:3,0
DA:4,0
DA:5,0
DA:9,0
DA:10,0
DA:11,0
DA:12,0
DA:13,0
DA:14,0
DA:16,0
LF:12
LH:0
BRF:0
BRH:0
end_of_record
TN:
SF:src\routes\cronRoute.js
FNF:0
FNH:0
DA:1,0
DA:2,0
DA:3,0
DA:5,0
DA:7,0
LF:5
LH:0
BRF:0
BRH:0
end_of_record
TN:
SF:src\routes\importOrderRoute.js
FNF:0
FNH:0
DA:1,0
DA:2,0
DA:3,0
DA:4,0
DA:5,0
DA:8,0
DA:11,0
DA:12,0
DA:17,0
DA:22,0
DA:29,0
DA:34,0
DA:41,0
DA:45,0
LF:14
LH:0
BRF:0
BRH:0
end_of_record
TN:
SF:src\routes\importOrderRoutes.js
FNF:0
FNH:0
DA:1,0
DA:2,0
DA:3,0
DA:4,0
DA:10,0
DA:13,0
DA:16,0
DA:19,0
DA:22,0
DA:25,0
DA:27,0
LF:11
LH:0
BRF:0
BRH:0
end_of_record
TN:
SF:src\routes\index.js
FNF:0
FNH:0
DA:2,0
LF:1
LH:0
BRF:0
BRH:0
end_of_record
TN:
SF:src\routes\locationRoute.js
FNF:0
FNH:0
DA:1,0
DA:2,0
DA:3,0
DA:5,0
DA:6,0
DA:8,0
LF:6
LH:0
BRF:0
BRH:0
end_of_record
TN:
SF:src\routes\medicineRoute.js
FNF:0
FNH:0
DA:2,0
DA:3,0
DA:4,0
DA:5,0
DA:21,0
DA:28,0
DA:35,0
DA:42,0
DA:60,0
DA:68,0
DA:75,0
DA:77,0
LF:12
LH:0
BRF:0
BRH:0
end_of_record
TN:
SF:src\routes\notificationRoute.js
FNF:0
FNH:0
DA:1,0
DA:2,0
DA:3,0
DA:6,0
DA:10,0
DA:13,0
DA:16,0
DA:19,0
DA:22,0
DA:25,0
DA:28,0
DA:30,0
LF:12
LH:0
BRF:0
BRH:0
end_of_record
TN:
SF:src\routes\packageRoute.js
FNF:0
FNH:0
DA:1,0
DA:2,0
DA:3,0
DA:6,0
DA:9,0
DA:12,0
DA:14,0
DA:17,0
DA:19,0
LF:9
LH:0
BRF:0
BRH:0
end_of_record
TN:
SF:src\routes\purchaseOrderRoutes.js
FNF:0
FNH:0
DA:1,0
DA:2,0
DA:3,0
DA:4,0
DA:11,0
DA:12,0
DA:13,0
DA:14,0
DA:17,0
DA:22,0
DA:27,0
DA:33,0
DA:39,0
DA:40,0
DA:41,0
DA:43,0
LF:16
LH:0
BRF:0
BRH:0
end_of_record
TN:
SF:src\routes\supervisorRoute.js
FNF:0
FNH:0
DA:1,0
DA:2,0
DA:3,0
DA:4,0
DA:6,0
DA:8,0
LF:6
LH:0
BRF:0
BRH:0
end_of_record
TN:
SF:src\services\authService.js
FN:10,(anonymous_0)
FN:75,(anonymous_1)
FN:89,(anonymous_2)
FN:163,(anonymous_3)
FN:291,(anonymous_4)
FN:376,(anonymous_5)
FN:407,(anonymous_6)
FN:428,(anonymous_7)
FN:458,(anonymous_8)
FN:525,(anonymous_9)
FN:552,(anonymous_10)
FN:586,(anonymous_11)
FN:634,(anonymous_12)
FN:659,(anonymous_13)
FN:724,(anonymous_14)
FN:749,(anonymous_15)
FN:765,(anonymous_16)
FN:821,(anonymous_17)
FNF:18
FNH:0
FNDA:0,(anonymous_0)
FNDA:0,(anonymous_1)
FNDA:0,(anonymous_2)
FNDA:0,(anonymous_3)
FNDA:0,(anonymous_4)
FNDA:0,(anonymous_5)
FNDA:0,(anonymous_6)
FNDA:0,(anonymous_7)
FNDA:0,(anonymous_8)
FNDA:0,(anonymous_9)
FNDA:0,(anonymous_10)
FNDA:0,(anonymous_11)
FNDA:0,(anonymous_12)
FNDA:0,(anonymous_13)
FNDA:0,(anonymous_14)
FNDA:0,(anonymous_15)
FNDA:0,(anonymous_16)
FNDA:0,(anonymous_17)
DA:2,0
DA:3,0
DA:4,0
DA:5,0
DA:6,0
DA:7,0
DA:9,0
DA:11,0
DA:12,0
DA:14,0
DA:17,0
DA:18,0
DA:25,0
DA:29,0
DA:30,0
DA:37,0
DA:38,0
DA:41,0
DA:48,0
DA:50,0
DA:64,0
DA:67,0
DA:68,0
DA:74,0
DA:75,0
DA:76,0
DA:82,0
DA:90,0
DA:91,0
DA:92,0
DA:99,0
DA:103,0
DA:104,0
DA:111,0
DA:112,0
DA:119,0
DA:120,0
DA:121,0
DA:128,0
DA:129,0
DA:131,0
DA:138,0
DA:140,0
DA:146,0
DA:155,0
DA:156,0
DA:164,0
DA:165,0
DA:166,0
DA:174,0
DA:175,0
DA:176,0
DA:178,0
DA:179,0
DA:185,0
DA:186,0
DA:187,0
DA:194,0
DA:195,0
DA:196,0
DA:197,0
DA:203,0
DA:210,0
DA:211,0
DA:212,0
DA:218,0
DA:219,0
DA:223,0
DA:229,0
DA:230,0
DA:234,0
DA:241,0
DA:246,0
DA:257,0
DA:263,0
DA:264,0
DA:266,0
DA:283,0
DA:284,0
DA:292,0
DA:293,0
DA:294,0
DA:295,0
DA:298,0
DA:299,0
DA:306,0
DA:310,0
DA:311,0
DA:318,0
DA:319,0
DA:326,0
DA:327,0
DA:328,0
DA:335,0
DA:346,0
DA:352,0
DA:368,0
DA:369,0
DA:377,0
DA:379,0
DA:380,0
DA:383,0
DA:384,0
DA:388,0
DA:390,0
DA:391,0
DA:395,0
DA:396,0
DA:397,0
DA:403,0
DA:407,0
DA:408,0
DA:409,0
DA:414,0
DA:415,0
DA:417,0
DA:418,0
DA:420,0
DA:421,0
DA:423,0
DA:427,0
DA:428,0
DA:430,0
DA:431,0
DA:435,0
DA:436,0
DA:439,0
DA:446,0
DA:448,0
DA:454,0
DA:459,0
DA:460,0
DA:462,0
DA:468,0
DA:469,0
DA:470,0
DA:476,0
DA:477,0
DA:484,0
DA:495,0
DA:501,0
DA:517,0
DA:518,0
DA:526,0
DA:527,0
DA:533,0
DA:534,0
DA:535,0
DA:538,0
DA:539,0
DA:544,0
DA:545,0
DA:553,0
DA:554,0
DA:555,0
DA:556,0
DA:562,0
DA:578,0
DA:579,0
DA:587,0
DA:588,0
DA:589,0
DA:592,0
DA:593,0
DA:594,0
DA:598,0
DA:603,0
DA:604,0
DA:610,0
DA:624,0
DA:625,0
DA:635,0
DA:636,0
DA:638,0
DA:640,0
DA:645,0
DA:646,0
DA:647,0
DA:649,0
DA:650,0
DA:653,0
DA:654,0
DA:660,0
DA:661,0
DA:663,0
DA:666,0
DA:671,0
DA:672,0
DA:673,0
DA:680,0
DA:681,0
DA:682,0
DA:683,0
DA:690,0
DA:691,0
DA:694,0
DA:700,0
DA:703,0
DA:705,0
DA:706,0
DA:715,0
DA:716,0
DA:725,0
DA:727,0
DA:730,0
DA:731,0
DA:734,0
DA:740,0
DA:742,0
DA:744,0
DA:750,0
DA:751,0
DA:753,0
DA:758,0
DA:760,0
DA:766,0
DA:767,0
DA:770,0
DA:775,0
DA:776,0
DA:783,0
DA:784,0
DA:785,0
DA:792,0
DA:793,0
DA:796,0
DA:802,0
DA:805,0
DA:807,0
DA:816,0
DA:822,0
DA:829,0
DA:831,0
DA:832,0
DA:837,0
LF:235
LH:0
BRDA:17,0,0,0
BRDA:17,0,1,0
BRDA:17,1,0,0
BRDA:17,1,1,0
BRDA:29,2,0,0
BRDA:29,2,1,0
BRDA:44,3,0,0
BRDA:44,3,1,0
BRDA:56,4,0,0
BRDA:56,4,1,0
BRDA:67,5,0,0
BRDA:67,5,1,0
BRDA:74,6,0,0
BRDA:74,6,1,0
BRDA:91,7,0,0
BRDA:91,7,1,0
BRDA:91,8,0,0
BRDA:91,8,1,0
BRDA:103,9,0,0
BRDA:103,9,1,0
BRDA:111,10,0,0
BRDA:111,10,1,0
BRDA:120,11,0,0
BRDA:120,11,1,0
BRDA:165,12,0,0
BRDA:165,12,1,0
BRDA:165,13,0,0
BRDA:165,13,1,0
BRDA:185,14,0,0
BRDA:185,14,1,0
BRDA:195,15,0,0
BRDA:195,15,1,0
BRDA:210,16,0,0
BRDA:210,16,1,0
BRDA:218,17,0,0
BRDA:218,17,1,0
BRDA:229,18,0,0
BRDA:229,18,1,0
BRDA:259,19,0,0
BRDA:259,19,1,0
BRDA:293,20,0,0
BRDA:293,20,1,0
BRDA:298,21,0,0
BRDA:298,21,1,0
BRDA:298,22,0,0
BRDA:298,22,1,0
BRDA:310,23,0,0
BRDA:310,23,1,0
BRDA:318,24,0,0
BRDA:318,24,1,0
BRDA:327,25,0,0
BRDA:327,25,1,0
BRDA:348,26,0,0
BRDA:348,26,1,0
BRDA:379,27,0,0
BRDA:379,27,1,0
BRDA:383,28,0,0
BRDA:383,28,1,0
BRDA:390,29,0,0
BRDA:390,29,1,0
BRDA:396,30,0,0
BRDA:396,30,1,0
BRDA:401,31,0,0
BRDA:401,31,1,0
BRDA:407,32,0,0
BRDA:407,32,1,0
BRDA:408,33,0,0
BRDA:408,33,1,0
BRDA:417,34,0,0
BRDA:417,34,1,0
BRDA:420,35,0,0
BRDA:420,35,1,0
BRDA:430,36,0,0
BRDA:430,36,1,0
BRDA:435,37,0,0
BRDA:435,37,1,0
BRDA:435,38,0,0
BRDA:435,38,1,0
BRDA:443,39,0,0
BRDA:443,39,1,0
BRDA:464,40,0,0
BRDA:464,40,1,0
BRDA:469,41,0,0
BRDA:469,41,1,0
BRDA:476,42,0,0
BRDA:476,42,1,0
BRDA:497,43,0,0
BRDA:497,43,1,0
BRDA:533,44,0,0
BRDA:533,44,1,0
BRDA:555,45,0,0
BRDA:555,45,1,0
BRDA:593,46,0,0
BRDA:593,46,1,0
BRDA:603,47,0,0
BRDA:603,47,1,0
BRDA:645,48,0,0
BRDA:645,48,1,0
BRDA:671,49,0,0
BRDA:671,49,1,0
BRDA:681,50,0,0
BRDA:681,50,1,0
BRDA:711,51,0,0
BRDA:711,51,1,0
BRDA:775,52,0,0
BRDA:775,52,1,0
BRDA:784,53,0,0
BRDA:784,53,1,0
BRF:108
BRH:0
end_of_record
TN:
SF:src\services\contractService.js
FN:6,(anonymous_0)
FN:19,(anonymous_1)
FN:29,(anonymous_2)
FN:39,(anonymous_3)
FN:67,(anonymous_4)
FN:77,(anonymous_5)
FNF:6
FNH:0
FNDA:0,(anonymous_0)
FNDA:0,(anonymous_1)
FNDA:0,(anonymous_2)
FNDA:0,(anonymous_3)
FNDA:0,(anonymous_4)
FNDA:0,(anonymous_5)
DA:1,0
DA:2,0
DA:3,0
DA:5,0
DA:7,0
DA:8,0
DA:9,0
DA:11,0
DA:12,0
DA:13,0
DA:15,0
DA:20,0
DA:21,0
DA:26,0
DA:30,0
DA:31,0
DA:32,0
DA:36,0
DA:40,0
DA:41,0
DA:44,0
DA:45,0
DA:47,0
DA:48,0
DA:50,0
DA:51,0
DA:52,0
DA:53,0
DA:54,0
DA:59,0
DA:64,0
DA:68,0
DA:69,0
DA:70,0
DA:71,0
DA:73,0
DA:74,0
DA:78,0
DA:79,0
DA:80,0
DA:84,0
LF:41
LH:0
BRDA:8,0,0,0
BRDA:8,0,1,0
BRDA:19,1,0,0
BRDA:19,2,0,0
BRDA:20,3,0,0
BRDA:20,3,1,0
BRDA:29,4,0,0
BRDA:29,5,0,0
BRDA:31,6,0,0
BRDA:31,6,1,0
BRDA:40,7,0,0
BRDA:40,7,1,0
BRDA:45,8,0,0
BRDA:45,8,1,0
BRDA:50,9,0,0
BRDA:50,9,1,0
BRDA:53,10,0,0
BRDA:53,10,1,0
BRDA:56,11,0,0
BRDA:56,11,1,0
BRDA:57,12,0,0
BRDA:57,12,1,0
BRDA:69,13,0,0
BRDA:69,13,1,0
BRDA:70,14,0,0
BRDA:70,14,1,0
BRDA:79,15,0,0
BRDA:79,15,1,0
BRF:28
BRH:0
end_of_record
TN:
SF:src\services\cronService.js
FN:1,(anonymous_0)
FNF:1
FNH:0
FNDA:0,(anonymous_0)
DA:1,0
DA:2,0
DA:3,0
DA:6,0
LF:4
LH:0
BRF:0
BRH:0
end_of_record
TN:
SF:src\services\emailService.js
FN:4,(anonymous_0)
FN:8,(anonymous_1)
FNF:2
FNH:0
FNDA:0,(anonymous_0)
FNDA:0,(anonymous_1)
DA:1,0
DA:2,0
DA:4,0
DA:5,0
DA:8,0
DA:9,0
DA:10,0
DA:12,0
DA:19,0
DA:20,0
DA:21,0
DA:23,0
DA:24,0
DA:28,0
LF:14
LH:0
BRF:0
BRH:0
end_of_record
TN:
SF:src\services\importOrderService.js
FN:5,(anonymous_0)
FN:22,(anonymous_1)
FN:51,(anonymous_2)
FN:70,(anonymous_3)
FN:99,(anonymous_4)
FN:128,(anonymous_5)
FN:169,(anonymous_6)
FN:189,(anonymous_7)
FN:210,(anonymous_8)
FN:239,(anonymous_9)
FN:260,(anonymous_10)
FN:307,(anonymous_11)
FN:317,(anonymous_12)
FNF:13
FNH:0
FNDA:0,(anonymous_0)
FNDA:0,(anonymous_1)
FNDA:0,(anonymous_2)
FNDA:0,(anonymous_3)
FNDA:0,(anonymous_4)
FNDA:0,(anonymous_5)
FNDA:0,(anonymous_6)
FNDA:0,(anonymous_7)
FNDA:0,(anonymous_8)
FNDA:0,(anonymous_9)
FNDA:0,(anonymous_10)
FNDA:0,(anonymous_11)
FNDA:0,(anonymous_12)
DA:1,0
DA:2,0
DA:5,0
DA:6,0
DA:7,0
DA:12,0
DA:13,0
DA:15,0
DA:17,0
DA:22,0
DA:23,0
DA:24,0
DA:25,0
DA:34,0
DA:36,0
DA:46,0
DA:51,0
DA:52,0
DA:53,0
DA:59,0
DA:60,0
DA:63,0
DA:65,0
DA:70,0
DA:71,0
DA:72,0
DA:73,0
DA:74,0
DA:78,0
DA:79,0
DA:82,0
DA:92,0
DA:94,0
DA:99,0
DA:100,0
DA:101,0
DA:102,0
DA:103,0
DA:107,0
DA:108,0
DA:111,0
DA:121,0
DA:123,0
DA:128,0
DA:129,0
DA:130,0
DA:131,0
DA:132,0
DA:136,0
DA:137,0
DA:141,0
DA:142,0
DA:148,0
DA:149,0
DA:152,0
DA:162,0
DA:164,0
DA:169,0
DA:170,0
DA:171,0
DA:172,0
DA:173,0
DA:177,0
DA:178,0
DA:182,0
DA:183,0
DA:184,0
DA:188,0
DA:189,0
DA:190,0
DA:193,0
DA:203,0
DA:205,0
DA:210,0
DA:211,0
DA:212,0
DA:213,0
DA:214,0
DA:218,0
DA:219,0
DA:222,0
DA:232,0
DA:234,0
DA:239,0
DA:240,0
DA:241,0
DA:242,0
DA:243,0
DA:247,0
DA:248,0
DA:251,0
DA:253,0
DA:255,0
DA:260,0
DA:261,0
DA:262,0
DA:263,0
DA:264,0
DA:268,0
DA:281,0
DA:282,0
DA:285,0
DA:286,0
DA:287,0
DA:290,0
DA:300,0
DA:302,0
DA:307,0
DA:308,0
DA:309,0
DA:310,0
DA:312,0
DA:317,0
DA:318,0
DA:319,0
DA:326,0
DA:328,0
DA:332,0
LF:118
LH:0
BRDA:22,0,0,0
BRDA:22,1,0,0
BRDA:22,2,0,0
BRDA:59,3,0,0
BRDA:59,3,1,0
BRDA:73,4,0,0
BRDA:73,4,1,0
BRDA:78,5,0,0
BRDA:78,5,1,0
BRDA:102,6,0,0
BRDA:102,6,1,0
BRDA:107,7,0,0
BRDA:107,7,1,0
BRDA:131,8,0,0
BRDA:131,8,1,0
BRDA:136,9,0,0
BRDA:136,9,1,0
BRDA:141,10,0,0
BRDA:141,10,1,0
BRDA:141,11,0,0
BRDA:141,11,1,0
BRDA:141,11,2,0
BRDA:148,12,0,0
BRDA:148,12,1,0
BRDA:172,13,0,0
BRDA:172,13,1,0
BRDA:177,14,0,0
BRDA:177,14,1,0
BRDA:183,15,0,0
BRDA:183,15,1,0
BRDA:213,16,0,0
BRDA:213,16,1,0
BRDA:218,17,0,0
BRDA:218,17,1,0
BRDA:242,18,0,0
BRDA:242,18,1,0
BRDA:247,19,0,0
BRDA:247,19,1,0
BRDA:260,20,0,0
BRDA:263,21,0,0
BRDA:263,21,1,0
BRDA:281,22,0,0
BRDA:281,22,1,0
BRDA:286,23,0,0
BRDA:286,23,1,0
BRDA:307,24,0,0
BRDA:307,25,0,0
BRDA:307,26,0,0
BRF:48
BRH:0
end_of_record
TN:
SF:src\services\index.js
FNF:0
FNH:0
DA:1,0
LF:1
LH:0
BRF:0
BRH:0
end_of_record
TN:
SF:src\services\mailtrapService.js
FN:11,(anonymous_0)
FNF:1
FNH:0
FNDA:0,(anonymous_0)
DA:4,0
DA:6,0
DA:7,0
DA:9,0
DA:11,0
DA:12,0
DA:20,0
LF:7
LH:0
BRDA:7,0,0,0
BRDA:7,0,1,0
BRDA:16,1,0,0
BRDA:16,1,1,0
BRDA:17,2,0,0
BRDA:17,2,1,0
BRF:6
BRH:0
end_of_record
TN:
SF:src\services\medicineService.js
FN:7,(anonymous_0)
FN:75,(anonymous_1)
FN:119,(anonymous_2)
FN:205,(anonymous_3)
FN:220,(anonymous_4)
FN:309,(anonymous_5)
FN:324,(anonymous_6)
FN:370,(anonymous_7)
FNF:8
FNH:0
FNDA:0,(anonymous_0)
FNDA:0,(anonymous_1)
FNDA:0,(anonymous_2)
FNDA:0,(anonymous_3)
FNDA:0,(anonymous_4)
FNDA:0,(anonymous_5)
FNDA:0,(anonymous_6)
FNDA:0,(anonymous_7)
DA:2,0
DA:3,0
DA:5,0
DA:8,0
DA:9,0
DA:12,0
DA:15,0
DA:16,0
DA:20,0
DA:21,0
DA:25,0
DA:26,0
DA:30,0
DA:31,0
DA:35,0
DA:36,0
DA:40,0
DA:41,0
DA:42,0
DA:45,0
DA:51,0
DA:53,0
DA:66,0
DA:67,0
DA:76,0
DA:77,0
DA:79,0
DA:80,0
DA:86,0
DA:88,0
DA:89,0
DA:95,0
DA:102,0
DA:104,0
DA:105,0
DA:111,0
DA:120,0
DA:121,0
DA:134,0
DA:137,0
DA:138,0
DA:145,0
DA:149,0
DA:150,0
DA:157,0
DA:158,0
DA:164,0
DA:165,0
DA:172,0
DA:185,0
DA:187,0
DA:194,0
DA:197,0
DA:198,0
DA:204,0
DA:205,0
DA:206,0
DA:212,0
DA:221,0
DA:222,0
DA:224,0
DA:225,0
DA:231,0
DA:232,0
DA:233,0
DA:240,0
DA:241,0
DA:246,0
DA:247,0
DA:255,0
DA:256,0
DA:258,0
DA:259,0
DA:265,0
DA:266,0
DA:273,0
DA:274,0
DA:275,0
DA:276,0
DA:277,0
DA:279,0
DA:285,0
DA:292,0
DA:294,0
DA:295,0
DA:301,0
DA:302,0
DA:308,0
DA:309,0
DA:310,0
DA:316,0
DA:325,0
DA:326,0
DA:328,0
DA:329,0
DA:335,0
DA:336,0
DA:337,0
DA:343,0
DA:345,0
DA:353,0
DA:355,0
DA:356,0
DA:362,0
DA:371,0
DA:372,0
DA:374,0
DA:398,0
DA:403,0
DA:407,0
DA:418,0
DA:419,0
DA:427,0
LF:113
LH:0
BRDA:7,0,0,0
BRDA:15,1,0,0
BRDA:15,1,1,0
BRDA:15,2,0,0
BRDA:15,2,1,0
BRDA:20,3,0,0
BRDA:20,3,1,0
BRDA:20,4,0,0
BRDA:20,4,1,0
BRDA:25,5,0,0
BRDA:25,5,1,0
BRDA:25,6,0,0
BRDA:25,6,1,0
BRDA:30,7,0,0
BRDA:30,7,1,0
BRDA:35,8,0,0
BRDA:35,8,1,0
BRDA:40,9,0,0
BRDA:40,9,1,0
BRDA:41,10,0,0
BRDA:41,10,1,0
BRDA:79,11,0,0
BRDA:79,11,1,0
BRDA:88,12,0,0
BRDA:88,12,1,0
BRDA:104,13,0,0
BRDA:104,13,1,0
BRDA:137,14,0,0
BRDA:137,14,1,0
BRDA:137,15,0,0
BRDA:137,15,1,0
BRDA:137,15,2,0
BRDA:137,15,3,0
BRDA:137,15,4,0
BRDA:149,16,0,0
BRDA:149,16,1,0
BRDA:157,17,0,0
BRDA:157,17,1,0
BRDA:157,18,0,0
BRDA:157,18,1,0
BRDA:164,19,0,0
BRDA:164,19,1,0
BRDA:176,20,0,0
BRDA:176,20,1,0
BRDA:178,21,0,0
BRDA:178,21,1,0
BRDA:179,22,0,0
BRDA:179,22,1,0
BRDA:180,23,0,0
BRDA:180,23,1,0
BRDA:182,24,0,0
BRDA:182,24,1,0
BRDA:197,25,0,0
BRDA:197,25,1,0
BRDA:204,26,0,0
BRDA:204,26,1,0
BRDA:224,27,0,0
BRDA:224,27,1,0
BRDA:232,28,0,0
BRDA:232,28,1,0
BRDA:240,29,0,0
BRDA:240,29,1,0
BRDA:240,30,0,0
BRDA:240,30,1,0
BRDA:246,31,0,0
BRDA:246,31,1,0
BRDA:255,32,0,0
BRDA:255,32,1,0
BRDA:256,33,0,0
BRDA:256,33,1,0
BRDA:258,34,0,0
BRDA:258,34,1,0
BRDA:258,35,0,0
BRDA:258,35,1,0
BRDA:265,36,0,0
BRDA:265,36,1,0
BRDA:274,37,0,0
BRDA:274,37,1,0
BRDA:275,38,0,0
BRDA:275,38,1,0
BRDA:276,39,0,0
BRDA:276,39,1,0
BRDA:277,40,0,0
BRDA:277,40,1,0
BRDA:294,41,0,0
BRDA:294,41,1,0
BRDA:301,42,0,0
BRDA:301,42,1,0
BRDA:308,43,0,0
BRDA:308,43,1,0
BRDA:328,44,0,0
BRDA:328,44,1,0
BRDA:336,45,0,0
BRDA:336,45,1,0
BRDA:355,46,0,0
BRDA:355,46,1,0
BRDA:410,47,0,0
BRDA:410,47,1,0
BRDA:413,48,0,0
BRDA:413,48,1,0
BRDA:414,49,0,0
BRDA:414,49,1,0
BRF:102
BRH:0
end_of_record
TN:
SF:src\services\notificationService.js
FN:6,(anonymous_0)
FN:72,(anonymous_1)
FN:133,(anonymous_2)
FN:155,(anonymous_3)
FN:187,(anonymous_4)
FN:211,(anonymous_5)
FN:232,(anonymous_6)
FN:250,(anonymous_7)
FN:268,(anonymous_8)
FN:292,(anonymous_9)
FN:305,(anonymous_10)
FN:318,(anonymous_11)
FN:363,(anonymous_12)
FN:399,(anonymous_13)
FN:404,(anonymous_14)
FNF:15
FNH:0
FNDA:0,(anonymous_0)
FNDA:0,(anonymous_1)
FNDA:0,(anonymous_2)
FNDA:0,(anonymous_3)
FNDA:0,(anonymous_4)
FNDA:0,(anonymous_5)
FNDA:0,(anonymous_6)
FNDA:0,(anonymous_7)
FNDA:0,(anonymous_8)
FNDA:0,(anonymous_9)
FNDA:0,(anonymous_10)
FNDA:0,(anonymous_11)
FNDA:0,(anonymous_12)
FNDA:0,(anonymous_13)
FNDA:0,(anonymous_14)
DA:2,0
DA:3,0
DA:6,0
DA:7,0
DA:17,0
DA:20,0
DA:21,0
DA:22,0
DA:24,0
DA:25,0
DA:27,0
DA:28,0
DA:30,0
DA:31,0
DA:35,0
DA:36,0
DA:39,0
DA:51,0
DA:52,0
DA:53,0
DA:55,0
DA:67,0
DA:72,0
DA:73,0
DA:74,0
DA:75,0
DA:86,0
DA:89,0
DA:90,0
DA:91,0
DA:93,0
DA:94,0
DA:96,0
DA:97,0
DA:101,0
DA:102,0
DA:104,0
DA:114,0
DA:116,0
DA:128,0
DA:133,0
DA:134,0
DA:135,0
DA:136,0
DA:139,0
DA:144,0
DA:145,0
DA:148,0
DA:150,0
DA:155,0
DA:156,0
DA:157,0
DA:160,0
DA:161,0
DA:165,0
DA:166,0
DA:168,0
DA:169,0
DA:172,0
DA:177,0
DA:180,0
DA:182,0
DA:187,0
DA:188,0
DA:189,0
DA:190,0
DA:193,0
DA:194,0
DA:195,0
DA:198,0
DA:204,0
DA:206,0
DA:211,0
DA:212,0
DA:213,0
DA:214,0
DA:217,0
DA:222,0
DA:227,0
DA:232,0
DA:233,0
DA:234,0
DA:235,0
DA:238,0
DA:240,0
DA:245,0
DA:250,0
DA:251,0
DA:252,0
DA:253,0
DA:256,0
DA:261,0
DA:263,0
DA:268,0
DA:269,0
DA:270,0
DA:271,0
DA:274,0
DA:275,0
DA:276,0
DA:280,0
DA:281,0
DA:284,0
DA:285,0
DA:287,0
DA:292,0
DA:293,0
DA:294,0
DA:295,0
DA:298,0
DA:300,0
DA:305,0
DA:306,0
DA:307,0
DA:308,0
DA:311,0
DA:313,0
DA:318,0
DA:319,0
DA:320,0
DA:322,0
DA:323,0
DA:326,0
DA:329,0
DA:333,0
DA:344,0
DA:346,0
DA:358,0
DA:363,0
DA:364,0
DA:365,0
DA:367,0
DA:377,0
DA:387,0
DA:389,0
DA:399,0
DA:400,0
DA:404,0
DA:405,0
DA:408,0
DA:410,0
DA:414,0
LF:142
LH:0
BRDA:6,0,0,0
BRDA:9,1,0,0
BRDA:10,2,0,0
BRDA:15,3,0,0
BRDA:16,4,0,0
BRDA:21,5,0,0
BRDA:21,5,1,0
BRDA:21,6,0,0
BRDA:21,6,1,0
BRDA:24,7,0,0
BRDA:24,7,1,0
BRDA:27,8,0,0
BRDA:27,8,1,0
BRDA:30,9,0,0
BRDA:30,9,1,0
BRDA:36,10,0,0
BRDA:36,10,1,0
BRDA:72,11,0,0
BRDA:74,12,0,0
BRDA:74,12,1,0
BRDA:79,13,0,0
BRDA:80,14,0,0
BRDA:84,15,0,0
BRDA:85,16,0,0
BRDA:90,17,0,0
BRDA:90,17,1,0
BRDA:90,18,0,0
BRDA:90,18,1,0
BRDA:93,19,0,0
BRDA:93,19,1,0
BRDA:96,20,0,0
BRDA:96,20,1,0
BRDA:102,21,0,0
BRDA:102,21,1,0
BRDA:135,22,0,0
BRDA:135,22,1,0
BRDA:144,23,0,0
BRDA:144,23,1,0
BRDA:160,24,0,0
BRDA:160,24,1,0
BRDA:160,25,0,0
BRDA:160,25,1,0
BRDA:160,25,2,0
BRDA:165,26,0,0
BRDA:165,26,1,0
BRDA:168,27,0,0
BRDA:168,27,1,0
BRDA:168,28,0,0
BRDA:168,28,1,0
BRDA:189,29,0,0
BRDA:189,29,1,0
BRDA:194,30,0,0
BRDA:194,30,1,0
BRDA:213,31,0,0
BRDA:213,31,1,0
BRDA:234,32,0,0
BRDA:234,32,1,0
BRDA:252,33,0,0
BRDA:252,33,1,0
BRDA:270,34,0,0
BRDA:270,34,1,0
BRDA:275,35,0,0
BRDA:275,35,1,0
BRDA:280,36,0,0
BRDA:280,36,1,0
BRDA:292,37,0,0
BRDA:294,38,0,0
BRDA:294,38,1,0
BRDA:305,39,0,0
BRDA:307,40,0,0
BRDA:307,40,1,0
BRDA:318,41,0,0
BRDA:320,42,0,0
BRDA:320,43,0,0
BRDA:320,44,0,0
BRDA:320,45,0,0
BRDA:323,46,0,0
BRDA:323,46,1,0
BRDA:363,47,0,0
BRDA:365,48,0,0
BRDA:365,48,1,0
BRF:81
BRH:0
end_of_record
TN:
SF:src\services\purchaseOrderService.js
FN:9,(anonymous_0)
FN:49,(anonymous_1)
FN:113,(anonymous_2)
FN:137,(anonymous_3)
FN:161,(anonymous_4)
FN:179,(anonymous_5)
FN:208,(anonymous_6)
FN:247,(anonymous_7)
FN:275,(anonymous_8)
FN:307,(anonymous_9)
FN:338,(anonymous_10)
FN:391,(anonymous_11)
FN:413,(anonymous_12)
FN:418,(anonymous_13)
FNF:14
FNH:0
FNDA:0,(anonymous_0)
FNDA:0,(anonymous_1)
FNDA:0,(anonymous_2)
FNDA:0,(anonymous_3)
FNDA:0,(anonymous_4)
FNDA:0,(anonymous_5)
FNDA:0,(anonymous_6)
FNDA:0,(anonymous_7)
FNDA:0,(anonymous_8)
FNDA:0,(anonymous_9)
FNDA:0,(anonymous_10)
FNDA:0,(anonymous_11)
FNDA:0,(anonymous_12)
FNDA:0,(anonymous_13)
DA:2,0
DA:3,0
DA:4,0
DA:5,0
DA:7,0
DA:10,0
DA:11,0
DA:14,0
DA:15,0
DA:19,0
DA:20,0
DA:24,0
DA:25,0
DA:26,0
DA:27,0
DA:31,0
DA:38,0
DA:39,0
DA:42,0
DA:44,0
DA:50,0
DA:59,0
DA:62,0
DA:63,0
DA:64,0
DA:66,0
DA:67,0
DA:69,0
DA:70,0
DA:74,0
DA:75,0
DA:78,0
DA:92,0
DA:93,0
DA:94,0
DA:96,0
DA:108,0
DA:114,0
DA:115,0
DA:116,0
DA:119,0
DA:126,0
DA:127,0
DA:130,0
DA:132,0
DA:138,0
DA:139,0
DA:140,0
DA:143,0
DA:144,0
DA:145,0
DA:149,0
DA:150,0
DA:154,0
DA:155,0
DA:158,0
DA:159,0
DA:161,0
DA:162,0
DA:163,0
DA:167,0
DA:172,0
DA:174,0
DA:180,0
DA:181,0
DA:182,0
DA:185,0
DA:186,0
DA:187,0
DA:191,0
DA:192,0
DA:196,0
DA:197,0
DA:200,0
DA:201,0
DA:203,0
DA:209,0
DA:210,0
DA:211,0
DA:214,0
DA:215,0
DA:218,0
DA:219,0
DA:220,0
DA:224,0
DA:225,0
DA:228,0
DA:231,0
DA:232,0
DA:235,0
DA:240,0
DA:242,0
DA:248,0
DA:249,0
DA:250,0
DA:253,0
DA:254,0
DA:255,0
DA:258,0
DA:259,0
DA:262,0
DA:268,0
DA:270,0
DA:276,0
DA:277,0
DA:278,0
DA:281,0
DA:282,0
DA:283,0
DA:286,0
DA:287,0
DA:290,0
DA:300,0
DA:302,0
DA:308,0
DA:309,0
DA:310,0
DA:313,0
DA:314,0
DA:315,0
DA:318,0
DA:319,0
DA:322,0
DA:331,0
DA:333,0
DA:339,0
DA:345,0
DA:347,0
DA:354,0
DA:355,0
DA:357,0
DA:370,0
DA:371,0
DA:372,0
DA:374,0
DA:386,0
DA:392,0
DA:393,0
DA:395,0
DA:405,0
DA:407,0
DA:413,0
DA:414,0
DA:418,0
DA:419,0
DA:422,0
DA:424,0
DA:429,0
LF:148
LH:0
BRDA:14,0,0,0
BRDA:14,0,1,0
BRDA:14,1,0,0
BRDA:14,1,1,0
BRDA:14,1,2,0
BRDA:19,2,0,0
BRDA:19,2,1,0
BRDA:19,3,0,0
BRDA:19,3,1,0
BRDA:24,4,0,0
BRDA:24,4,1,0
BRDA:26,5,0,0
BRDA:26,5,1,0
BRDA:26,6,0,0
BRDA:26,6,1,0
BRDA:32,7,0,0
BRDA:32,7,1,0
BRDA:49,8,0,0
BRDA:52,9,0,0
BRDA:53,10,0,0
BRDA:57,11,0,0
BRDA:58,12,0,0
BRDA:63,13,0,0
BRDA:63,13,1,0
BRDA:63,14,0,0
BRDA:63,14,1,0
BRDA:66,15,0,0
BRDA:66,15,1,0
BRDA:69,16,0,0
BRDA:69,16,1,0
BRDA:75,17,0,0
BRDA:75,17,1,0
BRDA:115,18,0,0
BRDA:115,18,1,0
BRDA:126,19,0,0
BRDA:126,19,1,0
BRDA:139,20,0,0
BRDA:139,20,1,0
BRDA:144,21,0,0
BRDA:144,21,1,0
BRDA:149,22,0,0
BRDA:149,22,1,0
BRDA:154,23,0,0
BRDA:154,23,1,0
BRDA:162,24,0,0
BRDA:162,24,1,0
BRDA:181,25,0,0
BRDA:181,25,1,0
BRDA:186,26,0,0
BRDA:186,26,1,0
BRDA:191,27,0,0
BRDA:191,27,1,0
BRDA:196,28,0,0
BRDA:196,28,1,0
BRDA:210,29,0,0
BRDA:210,29,1,0
BRDA:214,30,0,0
BRDA:214,30,1,0
BRDA:219,31,0,0
BRDA:219,31,1,0
BRDA:224,32,0,0
BRDA:224,32,1,0
BRDA:231,33,0,0
BRDA:231,33,1,0
BRDA:249,34,0,0
BRDA:249,34,1,0
BRDA:254,35,0,0
BRDA:254,35,1,0
BRDA:258,36,0,0
BRDA:258,36,1,0
BRDA:275,37,0,0
BRDA:277,38,0,0
BRDA:277,38,1,0
BRDA:282,39,0,0
BRDA:282,39,1,0
BRDA:286,40,0,0
BRDA:286,40,1,0
BRDA:295,41,0,0
BRDA:295,41,1,0
BRDA:307,42,0,0
BRDA:309,43,0,0
BRDA:309,43,1,0
BRDA:314,44,0,0
BRDA:314,44,1,0
BRDA:318,45,0,0
BRDA:318,45,1,0
BRDA:326,46,0,0
BRDA:326,46,1,0
BRDA:338,47,0,0
BRDA:341,48,0,0
BRDA:342,49,0,0
BRDA:343,50,0,0
BRDA:344,51,0,0
BRDA:355,52,0,0
BRDA:355,52,1,0
BRDA:391,53,0,0
BRDA:393,54,0,0
BRDA:393,54,1,0
BRF:98
BRH:0
end_of_record
TN:
SF:src\utils\constants.js
FNF:0
FNH:0
DA:2,0
DA:9,0
DA:14,0
DA:47,0
DA:53,0
DA:59,0
DA:65,0
DA:71,0
DA:76,0
DA:81,0
DA:88,0
DA:98,0
DA:104,0
DA:110,0
DA:117,0
LF:15
LH:0
BRF:0
BRH:0
end_of_record
TN:
SF:src\utils\directUrl.js
FN:1,getRedirectByRole
FNF:1
FNH:0
FNDA:0,getRedirectByRole
DA:2,0
DA:9,0
DA:12,0
LF:3
LH:0
BRDA:9,0,0,0
BRDA:9,0,1,0
BRF:2
BRH:0
end_of_record
TN:
SF:src\utils\helpers.js
FNF:0
FNH:0
LF:0
LH:0
BRF:0
BRH:0
end_of_record
TN:
SF:src\utils\test-smtp.js
FN:3,testConnection
FNF:1
FNH:0
FNDA:0,testConnection
DA:1,0
DA:4,0
DA:16,0
DA:17,0
DA:18,0
DA:20,0
DA:24,0
DA:25,0
LF:8
LH:0
BRF:0
BRH:0
end_of_record
TN:
SF:src\utils\tokenManager.js
FN:4,(anonymous_0)
FN:16,(anonymous_1)
FN:26,(anonymous_2)
FN:32,(anonymous_3)
FNF:4
FNH:0
FNDA:0,(anonymous_0)
FNDA:0,(anonymous_1)
FNDA:0,(anonymous_2)
FNDA:0,(anonymous_3)
DA:2,0
DA:5,0
DA:7,0
DA:8,0
DA:9,0
DA:10,0
DA:12,0
DA:17,0
DA:18,0
DA:19,0
DA:21,0
DA:22,0
DA:27,0
DA:28,0
DA:33,0
DA:34,0
LF:16
LH:0
BRDA:5,0,0,0
BRDA:5,0,1,0
BRDA:8,1,0,0
BRDA:8,1,1,0
BRDA:8,2,0,0
BRDA:8,2,1,0
BRDA:17,3,0,0
BRDA:17,3,1,0
BRDA:34,4,0,0
BRDA:34,4,1,0
BRF:10
BRH:0
end_of_record
TN:
SF:src\utils\validators.js
FNF:0
FNH:0
LF:0
LH:0
BRF:0
BRH:0
end_of_record
TN:
SF:src\validations\authValidation.js
FN:144,(anonymous_0)
FN:144,(anonymous_1)
FN:152,(anonymous_2)
FN:169,(anonymous_3)
FN:170,(anonymous_4)
FNF:5
FNH:0
FNDA:0,(anonymous_0)
FNDA:0,(anonymous_1)
FNDA:0,(anonymous_2)
FNDA:0,(anonymous_3)
FNDA:0,(anonymous_4)
DA:1,0
DA:6,0
DA:144,0
DA:145,0
DA:146,0
DA:147,0
DA:151,0
DA:152,0
DA:153,0
DA:159,0
DA:160,0
DA:169,0
DA:170,0
DA:171,0
DA:172,0
DA:174,0
DA:178,0
LF:17
LH:0
BRDA:151,0,0,0
BRDA:151,0,1,0
BRDA:171,1,0,0
BRDA:171,1,1,0
BRDA:171,2,0,0
BRDA:171,2,1,0
BRF:6
BRH:0
end_of_record
