TN:
SF:src\app.js
FN:26,(anonymous_0)
FN:58,(anonymous_1)
FNF:2
FNH:0
FNDA:0,(anonymous_0)
FNDA:0,(anonymous_1)
DA:1,0
DA:2,0
DA:3,0
DA:4,0
DA:5,0
DA:6,0
DA:7,0
DA:8,0
DA:9,0
DA:10,0
DA:11,0
DA:13,0
DA:14,0
DA:15,0
DA:18,0
DA:19,0
DA:20,0
DA:21,0
DA:22,0
DA:23,0
DA:26,0
DA:27,0
DA:31,0
DA:32,0
DA:33,0
DA:36,0
DA:55,0
DA:56,0
DA:58,0
DA:59,0
DA:61,0
DA:63,0
LF:32
LH:0
BRF:0
BRH:0
end_of_record
TN:
SF:src\server.js
FN:8,(anonymous_0)
FN:10,(anonymous_1)
FN:14,(anonymous_2)
FNF:3
FNH:0
FNDA:0,(anonymous_0)
FNDA:0,(anonymous_1)
FNDA:0,(anonymous_2)
DA:1,0
DA:2,0
DA:3,0
DA:4,0
DA:6,0
DA:9,0
DA:10,0
DA:11,0
DA:15,0
DA:16,0
LF:10
LH:0
BRF:0
BRH:0
end_of_record
TN:
SF:src\config\db.config.js
FNF:0
FNH:0
DA:1,0
DA:3,0
LF:2
LH:0
BRDA:4,0,0,0
BRDA:4,0,1,0
BRF:2
BRH:0
end_of_record
TN:
SF:src\config\env.config.js
FNF:0
FNH:0
DA:1,0
DA:3,0
LF:2
LH:0
BRDA:4,0,0,0
BRDA:4,0,1,0
BRDA:5,1,0,0
BRDA:5,1,1,0
BRDA:6,2,0,0
BRDA:6,2,1,0
BRF:6
BRH:0
end_of_record
TN:
SF:src\config\index.js
FNF:0
FNH:0
DA:1,0
DA:2,0
DA:3,0
DA:5,0
LF:4
LH:0
BRF:0
BRH:0
end_of_record
TN:
SF:src\config\mail.config.js
FNF:0
FNH:0
DA:1,0
DA:3,0
LF:2
LH:0
BRF:0
BRH:0
end_of_record
TN:
SF:src\controllers\authController.js
FN:5,(anonymous_0)
FN:45,(anonymous_1)
FN:83,(anonymous_2)
FN:104,(anonymous_3)
FN:123,(anonymous_4)
FN:158,(anonymous_5)
FN:179,(anonymous_6)
FN:199,(anonymous_7)
FN:216,(anonymous_8)
FN:238,getRedirectByRole
FN:249,getRolePermissions
FNF:11
FNH:0
FNDA:0,(anonymous_0)
FNDA:0,(anonymous_1)
FNDA:0,(anonymous_2)
FNDA:0,(anonymous_3)
FNDA:0,(anonymous_4)
FNDA:0,(anonymous_5)
FNDA:0,(anonymous_6)
FNDA:0,(anonymous_7)
FNDA:0,(anonymous_8)
FNDA:0,getRedirectByRole
FNDA:0,getRolePermissions
DA:2,0
DA:4,0
DA:6,0
DA:7,0
DA:10,0
DA:11,0
DA:17,0
DA:24,0
DA:25,0
DA:28,0
DA:37,0
DA:38,0
DA:46,0
DA:47,0
DA:49,0
DA:50,0
DA:56,0
DA:58,0
DA:59,0
DA:62,0
DA:64,0
DA:75,0
DA:76,0
DA:84,0
DA:85,0
DA:87,0
DA:89,0
DA:90,0
DA:93,0
DA:95,0
DA:96,0
DA:105,0
DA:106,0
DA:108,0
DA:110,0
DA:111,0
DA:114,0
DA:116,0
DA:117,0
DA:124,0
DA:125,0
DA:127,0
DA:129,0
DA:130,0
DA:133,0
DA:136,0
DA:138,0
DA:149,0
DA:150,0
DA:159,0
DA:160,0
DA:162,0
DA:171,0
DA:180,0
DA:181,0
DA:183,0
DA:191,0
DA:200,0
DA:201,0
DA:202,0
DA:204,0
DA:209,0
DA:217,0
DA:218,0
DA:221,0
DA:223,0
DA:229,0
DA:239,0
DA:246,0
DA:250,0
DA:255,0
DA:258,0
LF:72
LH:0
BRDA:10,0,0,0
BRDA:10,0,1,0
BRDA:10,1,0,0
BRDA:10,1,1,0
BRDA:10,1,2,0
BRDA:24,2,0,0
BRDA:24,2,1,0
BRDA:49,3,0,0
BRDA:49,3,1,0
BRDA:58,4,0,0
BRDA:58,4,1,0
BRDA:89,5,0,0
BRDA:89,5,1,0
BRDA:110,6,0,0
BRDA:110,6,1,0
BRDA:129,7,0,0
BRDA:129,7,1,0
BRDA:246,8,0,0
BRDA:246,8,1,0
BRDA:255,9,0,0
BRDA:255,9,1,0
BRF:21
BRH:0
end_of_record
TN:
SF:src\controllers\batchController.js
FN:4,(anonymous_0)
FN:24,(anonymous_1)
FNF:2
FNH:0
FNDA:0,(anonymous_0)
FNDA:0,(anonymous_1)
DA:1,0
DA:2,0
DA:4,0
DA:5,0
DA:6,0
DA:7,0
DA:8,0
DA:9,0
DA:11,0
DA:16,0
DA:17,0
DA:18,0
DA:20,0
DA:24,0
DA:25,0
DA:26,0
DA:27,0
DA:30,0
DA:34,0
DA:35,0
DA:37,0
DA:38,0
DA:40,0
DA:43,0
LF:24
LH:0
BRDA:8,0,0,0
BRDA:8,0,1,0
BRDA:8,1,0,0
BRDA:8,1,1,0
BRDA:34,2,0,0
BRDA:34,2,1,0
BRDA:34,3,0,0
BRDA:34,3,1,0
BRDA:37,4,0,0
BRDA:37,4,1,0
BRF:10
BRH:0
end_of_record
TN:
SF:src\controllers\cronController.js
FN:2,(anonymous_0)
FNF:1
FNH:0
FNDA:0,(anonymous_0)
DA:2,0
DA:3,0
DA:6,0
DA:12,0
LF:4
LH:0
BRF:0
BRH:0
end_of_record
TN:
SF:src\controllers\importOrderController.js
FN:6,(anonymous_0)
FN:33,(anonymous_1)
FN:63,(anonymous_2)
FN:81,(anonymous_3)
FN:101,(anonymous_4)
FN:121,(anonymous_5)
FN:139,(anonymous_6)
FNF:7
FNH:0
FNDA:0,(anonymous_0)
FNDA:0,(anonymous_1)
FNDA:0,(anonymous_2)
FNDA:0,(anonymous_3)
FNDA:0,(anonymous_4)
FNDA:0,(anonymous_5)
FNDA:0,(anonymous_6)
DA:1,0
DA:2,0
DA:7,0
DA:8,0
DA:11,0
DA:12,0
DA:15,0
DA:18,0
DA:20,0
DA:25,0
DA:34,0
DA:35,0
DA:38,0
DA:39,0
DA:40,0
DA:41,0
DA:43,0
DA:49,0
DA:55,0
DA:64,0
DA:65,0
DA:66,0
DA:68,0
DA:73,0
DA:82,0
DA:83,0
DA:84,0
DA:86,0
DA:88,0
DA:93,0
DA:102,0
DA:103,0
DA:104,0
DA:106,0
DA:108,0
DA:113,0
DA:122,0
DA:123,0
DA:124,0
DA:126,0
DA:131,0
DA:140,0
DA:141,0
DA:142,0
DA:145,0
DA:146,0
DA:150,0
DA:152,0
DA:158,0
DA:163,0
DA:171,0
LF:51
LH:0
BRDA:11,0,0,0
BRDA:11,0,1,0
BRDA:11,1,0,0
BRDA:11,1,1,0
BRDA:35,2,0,0
BRDA:35,3,0,0
BRDA:39,4,0,0
BRDA:39,4,1,0
BRDA:40,5,0,0
BRDA:40,5,1,0
BRDA:41,6,0,0
BRDA:41,6,1,0
BRDA:145,7,0,0
BRDA:145,7,1,0
BRDA:150,8,0,0
BRDA:150,8,1,0
BRDA:150,9,0,0
BRDA:150,9,1,0
BRF:18
BRH:0
end_of_record
TN:
SF:src\controllers\index.js
FNF:0
FNH:0
DA:1,0
LF:1
LH:0
BRF:0
BRH:0
end_of_record
TN:
SF:src\controllers\locationController.js
FN:3,(anonymous_0)
FN:22,(anonymous_1)
FNF:2
FNH:0
FNDA:0,(anonymous_0)
FNDA:0,(anonymous_1)
DA:1,0
DA:3,0
DA:4,0
DA:5,0
DA:16,0
DA:18,0
DA:22,0
DA:23,0
DA:24,0
DA:25,0
DA:27,0
LF:11
LH:0
BRF:0
BRH:0
end_of_record
TN:
SF:src\controllers\mailController.js
FNF:0
FNH:0
DA:3,0
DA:9,0
LF:2
LH:0
BRF:0
BRH:0
end_of_record
TN:
SF:src\controllers\medicineController.js
FN:7,(anonymous_0)
FN:72,(anonymous_1)
FN:104,(anonymous_2)
FN:205,(anonymous_3)
FN:275,(anonymous_4)
FN:310,(anonymous_5)
FN:333,(anonymous_6)
FNF:7
FNH:0
FNDA:0,(anonymous_0)
FNDA:0,(anonymous_1)
FNDA:0,(anonymous_2)
FNDA:0,(anonymous_3)
FNDA:0,(anonymous_4)
FNDA:0,(anonymous_5)
FNDA:0,(anonymous_6)
DA:2,0
DA:3,0
DA:5,0
DA:8,0
DA:17,0
DA:20,0
DA:21,0
DA:27,0
DA:28,0
DA:34,0
DA:35,0
DA:41,0
DA:51,0
DA:53,0
DA:54,0
DA:57,0
DA:63,0
DA:64,0
DA:73,0
DA:74,0
DA:76,0
DA:77,0
DA:83,0
DA:85,0
DA:86,0
DA:89,0
DA:95,0
DA:96,0
DA:105,0
DA:117,0
DA:120,0
DA:121,0
DA:128,0
DA:129,0
DA:135,0
DA:136,0
DA:142,0
DA:143,0
DA:150,0
DA:151,0
DA:157,0
DA:158,0
DA:164,0
DA:165,0
DA:171,0
DA:184,0
DA:186,0
DA:187,0
DA:190,0
DA:196,0
DA:197,0
DA:206,0
DA:207,0
DA:208,0
DA:210,0
DA:211,0
DA:218,0
DA:219,0
DA:225,0
DA:226,0
DA:232,0
DA:233,0
DA:240,0
DA:241,0
DA:247,0
DA:248,0
DA:254,0
DA:256,0
DA:257,0
DA:260,0
DA:266,0
DA:267,0
DA:276,0
DA:277,0
DA:279,0
DA:280,0
DA:286,0
DA:288,0
DA:289,0
DA:290,0
DA:292,0
DA:295,0
DA:301,0
DA:302,0
DA:311,0
DA:312,0
DA:314,0
DA:315,0
DA:318,0
DA:324,0
DA:325,0
DA:334,0
DA:335,0
DA:341,0
DA:347,0
DA:348,0
DA:356,0
LF:97
LH:0
BRDA:20,0,0,0
BRDA:20,0,1,0
BRDA:20,1,0,0
BRDA:20,1,1,0
BRDA:27,2,0,0
BRDA:27,2,1,0
BRDA:27,3,0,0
BRDA:27,3,1,0
BRDA:34,4,0,0
BRDA:34,4,1,0
BRDA:34,5,0,0
BRDA:34,5,1,0
BRDA:53,6,0,0
BRDA:53,6,1,0
BRDA:76,7,0,0
BRDA:76,7,1,0
BRDA:85,8,0,0
BRDA:85,8,1,0
BRDA:120,9,0,0
BRDA:120,9,1,0
BRDA:120,10,0,0
BRDA:120,10,1,0
BRDA:120,10,2,0
BRDA:120,10,3,0
BRDA:120,10,4,0
BRDA:128,11,0,0
BRDA:128,11,1,0
BRDA:135,12,0,0
BRDA:135,12,1,0
BRDA:135,13,0,0
BRDA:135,13,1,0
BRDA:142,14,0,0
BRDA:142,14,1,0
BRDA:150,15,0,0
BRDA:150,15,1,0
BRDA:150,16,0,0
BRDA:150,16,1,0
BRDA:157,17,0,0
BRDA:157,17,1,0
BRDA:157,18,0,0
BRDA:157,18,1,0
BRDA:164,19,0,0
BRDA:164,19,1,0
BRDA:164,20,0,0
BRDA:164,20,1,0
BRDA:164,20,2,0
BRDA:178,21,0,0
BRDA:178,21,1,0
BRDA:179,22,0,0
BRDA:179,22,1,0
BRDA:186,23,0,0
BRDA:186,23,1,0
BRDA:210,24,0,0
BRDA:210,24,1,0
BRDA:218,25,0,0
BRDA:218,25,1,0
BRDA:218,26,0,0
BRDA:218,26,1,0
BRDA:225,27,0,0
BRDA:225,27,1,0
BRDA:225,28,0,0
BRDA:225,28,1,0
BRDA:232,29,0,0
BRDA:232,29,1,0
BRDA:232,30,0,0
BRDA:232,30,1,0
BRDA:240,31,0,0
BRDA:240,31,1,0
BRDA:240,32,0,0
BRDA:240,32,1,0
BRDA:247,33,0,0
BRDA:247,33,1,0
BRDA:247,34,0,0
BRDA:247,34,1,0
BRDA:256,35,0,0
BRDA:256,35,1,0
BRDA:279,36,0,0
BRDA:279,36,1,0
BRDA:288,37,0,0
BRDA:288,37,1,0
BRDA:289,38,0,0
BRDA:289,38,1,0
BRDA:314,39,0,0
BRDA:314,39,1,0
BRF:84
BRH:0
end_of_record
TN:
SF:src\cron\index.js
FN:3,startAllCrons
FNF:1
FNH:0
FNDA:0,startAllCrons
DA:1,0
DA:4,0
DA:7,0
LF:3
LH:0
BRF:0
BRH:0
end_of_record
TN:
SF:src\cron\inventoryJob.js
FN:4,startInventoryJob
FN:5,(anonymous_1)
FNF:2
FNH:0
FNDA:0,startInventoryJob
FNDA:0,(anonymous_1)
DA:1,0
DA:2,0
DA:5,0
DA:6,0
DA:7,0
DA:11,0
LF:6
LH:0
BRF:0
BRH:0
end_of_record
TN:
SF:src\middlewares\authMiddleware.js
FN:3,(anonymous_0)
FNF:1
FNH:0
FNDA:0,(anonymous_0)
DA:1,0
DA:3,0
DA:4,0
DA:5,0
DA:8,0
DA:9,0
DA:16,0
DA:17,0
DA:23,0
DA:26,0
DA:27,0
DA:34,0
DA:37,0
DA:38,0
DA:45,0
DA:46,0
DA:49,0
DA:52,0
DA:53,0
DA:59,0
DA:60,0
DA:67,0
DA:74,0
LF:23
LH:0
BRDA:8,0,0,0
BRDA:8,0,1,0
BRDA:16,1,0,0
BRDA:16,1,1,0
BRDA:26,2,0,0
BRDA:26,2,1,0
BRDA:26,3,0,0
BRDA:26,3,1,0
BRDA:37,4,0,0
BRDA:37,4,1,0
BRDA:37,5,0,0
BRDA:37,5,1,0
BRDA:52,6,0,0
BRDA:52,6,1,0
BRDA:59,7,0,0
BRDA:59,7,1,0
BRF:16
BRH:0
end_of_record
TN:
SF:src\middlewares\error.middleware.js
FN:8,(anonymous_0)
FN:16,(anonymous_1)
FNF:2
FNH:0
FNDA:0,(anonymous_0)
FNDA:0,(anonymous_1)
DA:8,0
DA:9,0
DA:10,0
DA:13,0
DA:14,0
DA:15,0
DA:16,0
DA:20,0
DA:21,0
DA:22,0
DA:25,0
DA:26,0
DA:27,0
DA:30,0
DA:31,0
DA:32,0
DA:35,0
DA:36,0
DA:37,0
DA:41,0
DA:42,0
DA:46,0
DA:53,0
LF:23
LH:0
BRDA:9,0,0,0
BRDA:9,0,1,0
BRDA:10,1,0,0
BRDA:10,1,1,0
BRDA:13,2,0,0
BRDA:13,2,1,0
BRDA:20,3,0,0
BRDA:20,3,1,0
BRDA:25,4,0,0
BRDA:25,4,1,0
BRDA:30,5,0,0
BRDA:30,5,1,0
BRDA:35,6,0,0
BRDA:35,6,1,0
BRDA:41,7,0,0
BRDA:41,7,1,0
BRDA:49,8,0,0
BRDA:49,8,1,0
BRF:18
BRH:0
end_of_record
TN:
SF:src\middlewares\fakeSupervisor.js
FN:1,(anonymous_0)
FNF:1
FNH:0
FNDA:0,(anonymous_0)
DA:1,0
DA:2,0
DA:7,0
LF:3
LH:0
BRF:0
BRH:0
end_of_record
TN:
SF:src\middlewares\index.js
FNF:0
FNH:0
DA:1,0
LF:1
LH:0
BRF:0
BRH:0
end_of_record
TN:
SF:src\models\Area.js
FNF:0
FNH:0
DA:1,0
DA:2,0
DA:4,0
DA:37,0
LF:4
LH:0
BRF:0
BRH:0
end_of_record
TN:
SF:src\models\Batch.js
FN:24,(anonymous_0)
FNF:1
FNH:0
FNDA:0,(anonymous_0)
DA:1,0
DA:2,0
DA:4,0
DA:25,0
DA:53,0
LF:5
LH:0
BRF:0
BRH:0
end_of_record
TN:
SF:src\models\Contract.js
FN:32,(anonymous_0)
FN:95,(anonymous_1)
FNF:2
FNH:0
FNDA:0,(anonymous_0)
FNDA:0,(anonymous_1)
DA:1,0
DA:2,0
DA:5,0
DA:33,0
DA:47,0
DA:96,0
DA:115,0
LF:7
LH:0
BRF:0
BRH:0
end_of_record
TN:
SF:src\models\ImportInspection.js
FNF:0
FNH:0
DA:1,0
DA:2,0
DA:5,0
DA:36,0
DA:97,0
LF:5
LH:0
BRF:0
BRH:0
end_of_record
TN:
SF:src\models\ImportOrder.js
FNF:0
FNH:0
DA:1,0
DA:2,0
DA:4,0
DA:65,0
LF:4
LH:0
BRF:0
BRH:0
end_of_record
TN:
SF:src\models\ImportOrderDetail.js
FNF:0
FNH:0
DA:1,0
DA:3,0
DA:39,0
LF:3
LH:0
BRF:0
BRH:0
end_of_record
TN:
SF:src\models\Inventory.js
FNF:0
FNH:0
DA:1,0
DA:3,0
DA:28,0
DA:30,0
LF:4
LH:0
BRF:0
BRH:0
end_of_record
TN:
SF:src\models\Location.js
FNF:0
FNH:0
DA:1,0
DA:3,0
DA:40,0
LF:3
LH:0
BRF:0
BRH:0
end_of_record
TN:
SF:src\models\Medicine.js
FN:57,(anonymous_0)
FNF:1
FNH:0
FNDA:0,(anonymous_0)
DA:1,0
DA:2,0
DA:4,0
DA:58,0
DA:80,0
LF:5
LH:0
BRF:0
BRH:0
end_of_record
TN:
SF:src\models\Package.js
FNF:0
FNH:0
DA:1,0
DA:2,0
DA:4,0
DA:65,0
LF:4
LH:0
BRF:0
BRH:0
end_of_record
TN:
SF:src\models\User.js
FNF:0
FNH:0
DA:1,0
DA:2,0
DA:3,0
DA:5,0
DA:17,0
DA:63,0
LF:6
LH:0
BRF:0
BRH:0
end_of_record
TN:
SF:src\models\index.js
FNF:0
FNH:0
DA:1,0
DA:2,0
DA:3,0
DA:4,0
DA:5,0
DA:6,0
DA:7,0
DA:8,0
DA:9,0
DA:10,0
DA:12,0
LF:11
LH:0
BRF:0
BRH:0
end_of_record
TN:
SF:src\routes\authRoute.js
FNF:0
FNH:0
DA:1,0
DA:2,0
DA:3,0
DA:4,0
DA:7,0
DA:8,0
DA:9,0
DA:10,0
DA:11,0
DA:12,0
DA:15,0
DA:16,0
DA:19,0
DA:21,0
LF:14
LH:0
BRF:0
BRH:0
end_of_record
TN:
SF:src\routes\batchRoute.js
FNF:0
FNH:0
DA:1,0
DA:2,0
DA:3,0
DA:5,0
DA:6,0
DA:8,0
LF:6
LH:0
BRF:0
BRH:0
end_of_record
TN:
SF:src\routes\cronRoute.js
FNF:0
FNH:0
DA:1,0
DA:2,0
DA:3,0
DA:5,0
DA:7,0
LF:5
LH:0
BRF:0
BRH:0
end_of_record
TN:
SF:src\routes\importOrderRoutes.js
FNF:0
FNH:0
DA:1,0
DA:2,0
DA:3,0
DA:4,0
DA:10,0
DA:13,0
DA:16,0
DA:19,0
DA:22,0
DA:25,0
DA:28,0
DA:30,0
LF:12
LH:0
BRF:0
BRH:0
end_of_record
TN:
SF:src\routes\index.js
FNF:0
FNH:0
DA:2,0
LF:1
LH:0
BRF:0
BRH:0
end_of_record
TN:
SF:src\routes\locationRoute.js
FNF:0
FNH:0
DA:1,0
DA:2,0
DA:3,0
DA:5,0
DA:6,0
DA:8,0
LF:6
LH:0
BRF:0
BRH:0
end_of_record
TN:
SF:src\routes\medicineRoute.js
FNF:0
FNH:0
DA:2,0
DA:3,0
DA:4,0
DA:5,0
DA:21,0
DA:28,0
DA:35,0
DA:42,0
DA:60,0
DA:68,0
DA:75,0
DA:77,0
LF:12
LH:0
BRF:0
BRH:0
end_of_record
TN:
SF:src\services\authService.js
FN:9,(anonymous_0)
FN:74,(anonymous_1)
FN:88,(anonymous_2)
FN:162,(anonymous_3)
FN:257,(anonymous_4)
FN:342,(anonymous_5)
FN:372,(anonymous_6)
FN:439,(anonymous_7)
FN:466,(anonymous_8)
FN:500,(anonymous_9)
FNF:10
FNH:0
FNDA:0,(anonymous_0)
FNDA:0,(anonymous_1)
FNDA:0,(anonymous_2)
FNDA:0,(anonymous_3)
FNDA:0,(anonymous_4)
FNDA:0,(anonymous_5)
FNDA:0,(anonymous_6)
FNDA:0,(anonymous_7)
FNDA:0,(anonymous_8)
FNDA:0,(anonymous_9)
DA:2,0
DA:3,0
DA:4,0
DA:5,0
DA:6,0
DA:8,0
DA:10,0
DA:11,0
DA:13,0
DA:16,0
DA:17,0
DA:24,0
DA:28,0
DA:29,0
DA:36,0
DA:37,0
DA:40,0
DA:47,0
DA:49,0
DA:63,0
DA:66,0
DA:67,0
DA:73,0
DA:74,0
DA:75,0
DA:81,0
DA:89,0
DA:90,0
DA:91,0
DA:98,0
DA:102,0
DA:103,0
DA:110,0
DA:111,0
DA:118,0
DA:119,0
DA:120,0
DA:127,0
DA:128,0
DA:130,0
DA:137,0
DA:139,0
DA:145,0
DA:154,0
DA:155,0
DA:163,0
DA:164,0
DA:165,0
DA:173,0
DA:174,0
DA:176,0
DA:182,0
DA:183,0
DA:190,0
DA:191,0
DA:192,0
DA:199,0
DA:204,0
DA:211,0
DA:216,0
DA:227,0
DA:233,0
DA:249,0
DA:250,0
DA:258,0
DA:259,0
DA:260,0
DA:261,0
DA:264,0
DA:265,0
DA:272,0
DA:276,0
DA:277,0
DA:284,0
DA:285,0
DA:292,0
DA:293,0
DA:294,0
DA:301,0
DA:312,0
DA:318,0
DA:334,0
DA:335,0
DA:343,0
DA:344,0
DA:346,0
DA:349,0
DA:350,0
DA:351,0
DA:354,0
DA:355,0
DA:358,0
DA:360,0
DA:367,0
DA:368,0
DA:373,0
DA:374,0
DA:376,0
DA:382,0
DA:383,0
DA:384,0
DA:390,0
DA:391,0
DA:398,0
DA:409,0
DA:415,0
DA:431,0
DA:432,0
DA:440,0
DA:441,0
DA:447,0
DA:448,0
DA:449,0
DA:452,0
DA:453,0
DA:458,0
DA:459,0
DA:467,0
DA:468,0
DA:469,0
DA:470,0
DA:476,0
DA:492,0
DA:493,0
DA:501,0
DA:502,0
DA:503,0
DA:506,0
DA:507,0
DA:508,0
DA:512,0
DA:517,0
DA:518,0
DA:524,0
DA:538,0
DA:539,0
DA:547,0
LF:137
LH:0
BRDA:16,0,0,0
BRDA:16,0,1,0
BRDA:16,1,0,0
BRDA:16,1,1,0
BRDA:28,2,0,0
BRDA:28,2,1,0
BRDA:43,3,0,0
BRDA:43,3,1,0
BRDA:55,4,0,0
BRDA:55,4,1,0
BRDA:66,5,0,0
BRDA:66,5,1,0
BRDA:73,6,0,0
BRDA:73,6,1,0
BRDA:90,7,0,0
BRDA:90,7,1,0
BRDA:90,8,0,0
BRDA:90,8,1,0
BRDA:102,9,0,0
BRDA:102,9,1,0
BRDA:110,10,0,0
BRDA:110,10,1,0
BRDA:119,11,0,0
BRDA:119,11,1,0
BRDA:164,12,0,0
BRDA:164,12,1,0
BRDA:164,13,0,0
BRDA:164,13,1,0
BRDA:182,14,0,0
BRDA:182,14,1,0
BRDA:191,15,0,0
BRDA:191,15,1,0
BRDA:199,16,0,0
BRDA:199,16,1,0
BRDA:200,17,0,0
BRDA:200,17,1,0
BRDA:200,17,2,0
BRDA:229,18,0,0
BRDA:229,18,1,0
BRDA:259,19,0,0
BRDA:259,19,1,0
BRDA:264,20,0,0
BRDA:264,20,1,0
BRDA:264,21,0,0
BRDA:264,21,1,0
BRDA:276,22,0,0
BRDA:276,22,1,0
BRDA:284,23,0,0
BRDA:284,23,1,0
BRDA:293,24,0,0
BRDA:293,24,1,0
BRDA:314,25,0,0
BRDA:314,25,1,0
BRDA:350,26,0,0
BRDA:350,26,1,0
BRDA:354,27,0,0
BRDA:354,27,1,0
BRDA:378,28,0,0
BRDA:378,28,1,0
BRDA:383,29,0,0
BRDA:383,29,1,0
BRDA:390,30,0,0
BRDA:390,30,1,0
BRDA:411,31,0,0
BRDA:411,31,1,0
BRDA:447,32,0,0
BRDA:447,32,1,0
BRDA:469,33,0,0
BRDA:469,33,1,0
BRDA:507,34,0,0
BRDA:507,34,1,0
BRDA:517,35,0,0
BRDA:517,35,1,0
BRF:73
BRH:0
end_of_record
TN:
SF:src\services\cronService.js
FN:1,(anonymous_0)
FNF:1
FNH:0
FNDA:0,(anonymous_0)
DA:1,0
DA:2,0
DA:3,0
DA:6,0
LF:4
LH:0
BRF:0
BRH:0
end_of_record
TN:
SF:src\services\emailService.js
FN:4,(anonymous_0)
FN:8,(anonymous_1)
FNF:2
FNH:0
FNDA:0,(anonymous_0)
FNDA:0,(anonymous_1)
DA:1,0
DA:2,0
DA:4,0
DA:5,0
DA:8,0
DA:9,0
DA:10,0
DA:12,0
DA:19,0
DA:20,0
DA:21,0
DA:23,0
DA:24,0
DA:28,0
LF:14
LH:0
BRF:0
BRH:0
end_of_record
TN:
SF:src\services\importOrderService.js
FN:7,(anonymous_0)
FN:13,(anonymous_1)
FN:26,(anonymous_2)
FN:56,(anonymous_3)
FN:84,(anonymous_4)
FN:109,(anonymous_5)
FN:125,(anonymous_6)
FN:138,(anonymous_7)
FN:163,(anonymous_8)
FNF:9
FNH:0
FNDA:0,(anonymous_0)
FNDA:0,(anonymous_1)
FNDA:0,(anonymous_2)
FNDA:0,(anonymous_3)
FNDA:0,(anonymous_4)
FNDA:0,(anonymous_5)
FNDA:0,(anonymous_6)
FNDA:0,(anonymous_7)
FNDA:0,(anonymous_8)
DA:1,0
DA:2,0
DA:3,0
DA:8,0
DA:9,0
DA:10,0
DA:13,0
DA:17,0
DA:19,0
DA:21,0
DA:27,0
DA:28,0
DA:29,0
DA:39,0
DA:41,0
DA:51,0
DA:57,0
DA:58,0
DA:65,0
DA:66,0
DA:69,0
DA:74,0
DA:79,0
DA:85,0
DA:86,0
DA:87,0
DA:88,0
DA:92,0
DA:93,0
DA:96,0
DA:102,0
DA:104,0
DA:110,0
DA:111,0
DA:112,0
DA:113,0
DA:117,0
DA:118,0
DA:122,0
DA:125,0
DA:129,0
DA:131,0
DA:133,0
DA:139,0
DA:140,0
DA:141,0
DA:142,0
DA:146,0
DA:147,0
DA:151,0
DA:154,0
DA:156,0
DA:158,0
DA:164,0
DA:165,0
DA:166,0
DA:167,0
DA:170,0
DA:171,0
DA:172,0
DA:175,0
DA:181,0
DA:183,0
DA:188,0
LF:64
LH:0
BRDA:26,0,0,0
BRDA:26,1,0,0
BRDA:26,2,0,0
BRDA:65,3,0,0
BRDA:65,3,1,0
BRDA:87,4,0,0
BRDA:87,4,1,0
BRDA:92,5,0,0
BRDA:92,5,1,0
BRDA:112,6,0,0
BRDA:112,6,1,0
BRDA:117,7,0,0
BRDA:117,7,1,0
BRDA:141,8,0,0
BRDA:141,8,1,0
BRDA:146,9,0,0
BRDA:146,9,1,0
BRDA:163,10,0,0
BRDA:166,11,0,0
BRDA:166,11,1,0
BRDA:171,12,0,0
BRDA:171,12,1,0
BRF:22
BRH:0
end_of_record
TN:
SF:src\services\index.js
FNF:0
FNH:0
DA:1,0
LF:1
LH:0
BRF:0
BRH:0
end_of_record
TN:
SF:src\services\mailtrapService.js
FN:11,(anonymous_0)
FNF:1
FNH:0
FNDA:0,(anonymous_0)
DA:4,0
DA:6,0
DA:7,0
DA:9,0
DA:11,0
DA:12,0
DA:20,0
LF:7
LH:0
BRDA:7,0,0,0
BRDA:7,0,1,0
BRDA:16,1,0,0
BRDA:16,1,1,0
BRDA:17,2,0,0
BRDA:17,2,1,0
BRF:6
BRH:0
end_of_record
TN:
SF:src\services\medicineService.js
FN:7,(anonymous_0)
FN:75,(anonymous_1)
FN:119,(anonymous_2)
FN:205,(anonymous_3)
FN:220,(anonymous_4)
FN:309,(anonymous_5)
FN:324,(anonymous_6)
FN:370,(anonymous_7)
FNF:8
FNH:0
FNDA:0,(anonymous_0)
FNDA:0,(anonymous_1)
FNDA:0,(anonymous_2)
FNDA:0,(anonymous_3)
FNDA:0,(anonymous_4)
FNDA:0,(anonymous_5)
FNDA:0,(anonymous_6)
FNDA:0,(anonymous_7)
DA:2,0
DA:3,0
DA:5,0
DA:8,0
DA:9,0
DA:12,0
DA:15,0
DA:16,0
DA:20,0
DA:21,0
DA:25,0
DA:26,0
DA:30,0
DA:31,0
DA:35,0
DA:36,0
DA:40,0
DA:41,0
DA:42,0
DA:45,0
DA:51,0
DA:53,0
DA:66,0
DA:67,0
DA:76,0
DA:77,0
DA:79,0
DA:80,0
DA:86,0
DA:88,0
DA:89,0
DA:95,0
DA:102,0
DA:104,0
DA:105,0
DA:111,0
DA:120,0
DA:121,0
DA:134,0
DA:137,0
DA:138,0
DA:145,0
DA:149,0
DA:150,0
DA:157,0
DA:158,0
DA:164,0
DA:165,0
DA:172,0
DA:185,0
DA:187,0
DA:194,0
DA:197,0
DA:198,0
DA:204,0
DA:205,0
DA:206,0
DA:212,0
DA:221,0
DA:222,0
DA:224,0
DA:225,0
DA:231,0
DA:232,0
DA:233,0
DA:240,0
DA:241,0
DA:246,0
DA:247,0
DA:255,0
DA:256,0
DA:258,0
DA:259,0
DA:265,0
DA:266,0
DA:273,0
DA:274,0
DA:275,0
DA:276,0
DA:277,0
DA:279,0
DA:285,0
DA:292,0
DA:294,0
DA:295,0
DA:301,0
DA:302,0
DA:308,0
DA:309,0
DA:310,0
DA:316,0
DA:325,0
DA:326,0
DA:328,0
DA:329,0
DA:335,0
DA:336,0
DA:337,0
DA:343,0
DA:345,0
DA:353,0
DA:355,0
DA:356,0
DA:362,0
DA:371,0
DA:372,0
DA:374,0
DA:398,0
DA:403,0
DA:407,0
DA:418,0
DA:419,0
DA:427,0
LF:113
LH:0
BRDA:7,0,0,0
BRDA:15,1,0,0
BRDA:15,1,1,0
BRDA:15,2,0,0
BRDA:15,2,1,0
BRDA:20,3,0,0
BRDA:20,3,1,0
BRDA:20,4,0,0
BRDA:20,4,1,0
BRDA:25,5,0,0
BRDA:25,5,1,0
BRDA:25,6,0,0
BRDA:25,6,1,0
BRDA:30,7,0,0
BRDA:30,7,1,0
BRDA:35,8,0,0
BRDA:35,8,1,0
BRDA:40,9,0,0
BRDA:40,9,1,0
BRDA:41,10,0,0
BRDA:41,10,1,0
BRDA:79,11,0,0
BRDA:79,11,1,0
BRDA:88,12,0,0
BRDA:88,12,1,0
BRDA:104,13,0,0
BRDA:104,13,1,0
BRDA:137,14,0,0
BRDA:137,14,1,0
BRDA:137,15,0,0
BRDA:137,15,1,0
BRDA:137,15,2,0
BRDA:137,15,3,0
BRDA:137,15,4,0
BRDA:149,16,0,0
BRDA:149,16,1,0
BRDA:157,17,0,0
BRDA:157,17,1,0
BRDA:157,18,0,0
BRDA:157,18,1,0
BRDA:164,19,0,0
BRDA:164,19,1,0
BRDA:176,20,0,0
BRDA:176,20,1,0
BRDA:178,21,0,0
BRDA:178,21,1,0
BRDA:179,22,0,0
BRDA:179,22,1,0
BRDA:180,23,0,0
BRDA:180,23,1,0
BRDA:182,24,0,0
BRDA:182,24,1,0
BRDA:197,25,0,0
BRDA:197,25,1,0
BRDA:204,26,0,0
BRDA:204,26,1,0
BRDA:224,27,0,0
BRDA:224,27,1,0
BRDA:232,28,0,0
BRDA:232,28,1,0
BRDA:240,29,0,0
BRDA:240,29,1,0
BRDA:240,30,0,0
BRDA:240,30,1,0
BRDA:246,31,0,0
BRDA:246,31,1,0
BRDA:255,32,0,0
BRDA:255,32,1,0
BRDA:256,33,0,0
BRDA:256,33,1,0
BRDA:258,34,0,0
BRDA:258,34,1,0
BRDA:258,35,0,0
BRDA:258,35,1,0
BRDA:265,36,0,0
BRDA:265,36,1,0
BRDA:274,37,0,0
BRDA:274,37,1,0
BRDA:275,38,0,0
BRDA:275,38,1,0
BRDA:276,39,0,0
BRDA:276,39,1,0
BRDA:277,40,0,0
BRDA:277,40,1,0
BRDA:294,41,0,0
BRDA:294,41,1,0
BRDA:301,42,0,0
BRDA:301,42,1,0
BRDA:308,43,0,0
BRDA:308,43,1,0
BRDA:328,44,0,0
BRDA:328,44,1,0
BRDA:336,45,0,0
BRDA:336,45,1,0
BRDA:355,46,0,0
BRDA:355,46,1,0
BRDA:410,47,0,0
BRDA:410,47,1,0
BRDA:413,48,0,0
BRDA:413,48,1,0
BRDA:414,49,0,0
BRDA:414,49,1,0
BRF:102
BRH:0
end_of_record
TN:
SF:src\utils\constants.js
FNF:0
FNH:0
DA:2,0
DA:10,0
DA:15,0
DA:22,0
DA:29,0
DA:38,0
DA:44,0
DA:50,0
DA:56,0
DA:62,0
DA:69,0
DA:76,0
DA:82,0
DA:89,0
LF:14
LH:0
BRF:0
BRH:0
end_of_record
TN:
SF:src\utils\helpers.js
FNF:0
FNH:0
LF:0
LH:0
BRF:0
BRH:0
end_of_record
TN:
SF:src\utils\test-smtp.js
FN:3,testConnection
FNF:1
FNH:0
FNDA:0,testConnection
DA:1,0
DA:4,0
DA:16,0
DA:17,0
DA:18,0
DA:20,0
DA:24,0
DA:25,0
LF:8
LH:0
BRF:0
BRH:0
end_of_record
TN:
SF:src\utils\validators.js
FNF:0
FNH:0
LF:0
LH:0
BRF:0
BRH:0
end_of_record
TN:
SF:src\validations\authValidation.js
FN:144,(anonymous_0)
FN:144,(anonymous_1)
FN:152,(anonymous_2)
FN:169,(anonymous_3)
FN:170,(anonymous_4)
FNF:5
FNH:0
FNDA:0,(anonymous_0)
FNDA:0,(anonymous_1)
FNDA:0,(anonymous_2)
FNDA:0,(anonymous_3)
FNDA:0,(anonymous_4)
DA:1,0
DA:6,0
DA:144,0
DA:145,0
DA:146,0
DA:147,0
DA:151,0
DA:152,0
DA:153,0
DA:159,0
DA:160,0
DA:169,0
DA:170,0
DA:171,0
DA:172,0
DA:174,0
DA:178,0
LF:17
LH:0
BRDA:151,0,0,0
BRDA:151,0,1,0
BRDA:171,1,0,0
BRDA:171,1,1,0
BRDA:171,2,0,0
BRDA:171,2,1,0
BRF:6
BRH:0
end_of_record
